This is XeTeX, Version 3.14159265-2.6-0.99992 (TeX Live 2015/Debian) (preloaded format=xelatex 2019.11.5)  5 NOV 2019 06:18
entering extended mode
 restricted \write18 enabled.
 %&-line parsing enabled.
**hipost.tex
(./hipost.tex
LaTeX2e <2016/02/01>
Babel <3.9q> and hyphenation patterns for 81 language(s) loaded.
(./sphinxmanual.cls
Document Class: sphinxmanual 2018/12/23 v2.0 Document class (Sphinx manual)
(/usr/share/texlive/texmf-dist/tex/latex/base/report.cls
Document Class: report 2014/09/29 v1.4h Standard LaTeX document class
(/usr/share/texlive/texmf-dist/tex/latex/base/size10.clo
File: size10.clo 2014/09/29 v1.4h Standard LaTeX file (size option)
)
\c@part=\count79
\c@chapter=\count80
\c@section=\count81
\c@subsection=\count82
\c@subsubsection=\count83
\c@paragraph=\count84
\c@subparagraph=\count85
\c@figure=\count86
\c@table=\count87
\abovecaptionskip=\skip41
\belowcaptionskip=\skip42
\bibindent=\dimen102
))
\sphinxpxdimen=\dimen103

(/usr/share/texlive/texmf-dist/tex/latex/cmap/cmap.sty
Package: cmap 2008/03/06 v1.0h CMap support: searchable PDF


Package cmap Warning: pdftex not detected - exiting.

) (/usr/share/texlive/texmf-dist/tex/xelatex/xecjk/xeCJK.sty
(/usr/share/texlive/texmf-dist/tex/latex/l3kernel/expl3.sty
Package: expl3 2016/01/19 v6377 L3 programming layer (loader) 

(/usr/share/texlive/texmf-dist/tex/latex/l3kernel/expl3-code.tex
Package: expl3 2016/01/19 v6377 L3 programming layer (code)
L3 Module: l3bootstrap 2016/01/01 v6339 L3 Bootstrap code
L3 Module: l3names 2015/12/21 v6328 L3 Namespace for primitives
L3 Module: l3basics 2015/11/22 v6315 L3 Basic definitions
L3 Module: l3expan 2015/09/10 v5983 L3 Argument expansion
L3 Module: l3tl 2015/09/29 v6121 L3 Token lists
L3 Module: l3str 2016/01/03 v6357 L3 Strings
L3 Module: l3seq 2015/08/05 v5777 L3 Sequences and stacks
L3 Module: l3int 2016/01/05 v6366 L3 Integers
\c_max_int=\count88
\l_tmpa_int=\count89
\l_tmpb_int=\count90
\g_tmpa_int=\count91
\g_tmpb_int=\count92
L3 Module: l3quark 2015/08/17 v5855 L3 Quarks
L3 Module: l3prg 2015/11/01 v6216 L3 Control structures
\g__prg_map_int=\count93
L3 Module: l3clist 2015/09/02 v5901 L3 Comma separated lists
L3 Module: l3token 2015/11/11 v6249 L3 Experimental token manipulation
L3 Module: l3prop 2016/01/05 v6366 L3 Property lists
L3 Module: l3msg 2015/09/28 v6113 L3 Messages
L3 Module: l3file 2015/12/03 v6317 L3 File and I/O operations
\l_iow_line_count_int=\count94
\l__iow_target_count_int=\count95
\l__iow_current_line_int=\count96
\l__iow_current_word_int=\count97
\l__iow_current_indentation_int=\count98
L3 Module: l3skip 2016/01/05 v6366 L3 Dimensions and skips
\c_zero_dim=\dimen104
\c_max_dim=\dimen105
\l_tmpa_dim=\dimen106
\l_tmpb_dim=\dimen107
\g_tmpa_dim=\dimen108
\g_tmpb_dim=\dimen109
\c_zero_skip=\skip43
\c_max_skip=\skip44
\l_tmpa_skip=\skip45
\l_tmpb_skip=\skip46
\g_tmpa_skip=\skip47
\g_tmpb_skip=\skip48
\c_zero_muskip=\muskip10
\c_max_muskip=\muskip11
\l_tmpa_muskip=\muskip12
\l_tmpb_muskip=\muskip13
\g_tmpa_muskip=\muskip14
\g_tmpb_muskip=\muskip15
L3 Module: l3keys 2015/11/17 v6284 L3 Key-value interfaces
\g__keyval_level_int=\count99
\l_keys_choice_int=\count100
L3 Module: l3fp 2015/08/25 v5890 L3 Floating points
\c__fp_leading_shift_int=\count101
\c__fp_middle_shift_int=\count102
\c__fp_trailing_shift_int=\count103
\c__fp_big_leading_shift_int=\count104
\c__fp_big_middle_shift_int=\count105
\c__fp_big_trailing_shift_int=\count106
\c__fp_Bigg_leading_shift_int=\count107
\c__fp_Bigg_middle_shift_int=\count108
\c__fp_Bigg_trailing_shift_int=\count109
L3 Module: l3box 2015/08/09 v5822 L3 Experimental boxes
\c_empty_box=\box26
\l_tmpa_box=\box27
\l_tmpb_box=\box28
\g_tmpa_box=\box29
\g_tmpb_box=\box30
L3 Module: l3coffins 2015/08/06 v5789 L3 Coffin code layer
\l__coffin_internal_box=\box31
\l__coffin_internal_dim=\dimen110
\l__coffin_offset_x_dim=\dimen111
\l__coffin_offset_y_dim=\dimen112
\l__coffin_x_dim=\dimen113
\l__coffin_y_dim=\dimen114
\l__coffin_x_prime_dim=\dimen115
\l__coffin_y_prime_dim=\dimen116
\c_empty_coffin=\box32
\l__coffin_aligned_coffin=\box33
\l__coffin_aligned_internal_coffin=\box34
\l_tmpa_coffin=\box35
\l_tmpb_coffin=\box36
\l__coffin_display_coffin=\box37
\l__coffin_display_coord_coffin=\box38
\l__coffin_display_pole_coffin=\box39
\l__coffin_display_offset_dim=\dimen117
\l__coffin_display_x_dim=\dimen118
\l__coffin_display_y_dim=\dimen119
L3 Module: l3color 2014/08/23 v5354 L3 Experimental color support
L3 Module: l3sys 2015/09/25 v6087 L3 Experimental system/runtime functions
L3 Module: l3candidates 2016/01/14 v6376 L3 Experimental additions to l3kernel
\l__box_top_dim=\dimen120
\l__box_bottom_dim=\dimen121
\l__box_left_dim=\dimen122
\l__box_right_dim=\dimen123
\l__box_top_new_dim=\dimen124
\l__box_bottom_new_dim=\dimen125
\l__box_left_new_dim=\dimen126
\l__box_right_new_dim=\dimen127
\l__box_internal_box=\box40
\l__coffin_bounding_shift_dim=\dimen128
\l__coffin_left_corner_dim=\dimen129
\l__coffin_right_corner_dim=\dimen130
\l__coffin_bottom_corner_dim=\dimen131
\l__coffin_top_corner_dim=\dimen132
\l__coffin_scaled_total_height_dim=\dimen133
\l__coffin_scaled_width_dim=\dimen134
L3 Module: l3luatex 2015/11/11 v6250 L3 Experimental LuaTeX-specific functions
)
(/usr/share/texlive/texmf-dist/tex/latex/l3kernel/l3xdvipdfmx.def
File: l3xdvidpfmx.def 2015/11/11 v6250 L3 Experimental driver: xdvipdfmx
))
Package: xeCJK 2016/02/10 v3.3.4 Typesetting CJK scripts with XeLaTeX

(/usr/share/texlive/texmf-dist/tex/latex/l3packages/xtemplate/xtemplate.sty
Package: xtemplate 2016/01/19 v6377 L3 Experimental prototype document function
s
\l__xtemplate_tmp_dim=\dimen135
\l__xtemplate_tmp_int=\count110
\l__xtemplate_tmp_muskip=\muskip16
\l__xtemplate_tmp_skip=\skip49
)
(/usr/share/texlive/texmf-dist/tex/latex/l3packages/xparse/xparse.sty
Package: xparse 2016/01/19 v6377 L3 Experimental document command parser
\l__xparse_current_arg_int=\count111
\l__xparse_m_args_int=\count112
\l__xparse_mandatory_args_int=\count113
\l__xparse_processor_int=\count114
\l__xparse_v_nesting_int=\count115
)
(/usr/share/texlive/texmf-dist/tex/latex/l3packages/l3keys2e/l3keys2e.sty
Package: l3keys2e 2016/01/19 v6377 LaTeX2e option processing using LaTeX3 keys
)
\l__xeCJK_tmp_int=\count116
\l__xeCJK_tmp_box=\box41
\l__xeCJK_tmp_dim=\dimen136
\l__xeCJK_tmp_skip=\skip50
.................................................
. LaTeX info: "xparse/define-command"
. 
. Defining command \xeCJKShipoutHook with sig. '' on line 151.
.................................................
\g__xeCJK_spacefactor_int=\count117
\l__xeCJK_begin_int=\count118
\l__xeCJK_end_int=\count119
.................................................
. LaTeX info: "xparse/define-command"
. 
. Defining command \makexeCJKactive with sig. '' on line 380.
.................................................
.................................................
. LaTeX info: "xparse/define-command"
. 
. Defining command \makexeCJKinactive with sig. '' on line 381.
.................................................
\c__xeCJK_CJK_class_int=\XeTeXcharclass1
\c__xeCJK_FullLeft_class_int=\XeTeXcharclass2
\c__xeCJK_FullRight_class_int=\XeTeXcharclass3
\c__xeCJK_HalfLeft_class_int=\XeTeXcharclass4
\c__xeCJK_HalfRight_class_int=\XeTeXcharclass5
\c__xeCJK_NormalSpace_class_int=\XeTeXcharclass6
\c__xeCJK_CM_class_int=\XeTeXcharclass7
\c__xeCJK_HangulJamo_class_int=\XeTeXcharclass8
.................................................
. LaTeX info: "xparse/define-command"
. 
. Defining command \xeCJKDeclareCharClass with sig. 's>{\TrimSpaces }mm' on
. line 555.
.................................................
.................................................
. LaTeX info: "xparse/define-command"
. 
. Defining command \__xeCJK_set_char_class_aux:Nnw with sig.
. 'm>{\SplitArgument {1}{->}}m' on line 572.
.................................................
.................................................
. LaTeX info: "xparse/define-command"
. 
. Defining command \normalspacedchars with sig. 'm' on line 617.
.................................................
.................................................
. LaTeX info: "xparse/define-command"
. 
. Defining command \xeCJKResetPunctClass with sig. '' on line 624.
.................................................
.................................................
. LaTeX info: "xparse/define-command"
. 
. Defining command \xeCJKResetCharClass with sig. '' on line 632.
.................................................
\g__xeCJK_node_int=\count120
\c__xeCJK_CJK_node_dim=\dimen137
\c__xeCJK_CJK-space_node_dim=\dimen138
\c__xeCJK_default_node_dim=\dimen139
\c__xeCJK_default-space_node_dim=\dimen140
\c__xeCJK_CJK-widow_node_dim=\dimen141
\c__xeCJK_normalspace_node_dim=\dimen142
\l__xeCJK_ccglue_skip=\skip51
\l__xeCJK_ecglue_skip=\skip52
.................................................
. LaTeX info: "xparse/define-command"
. 
. Defining command \xeCJKnobreak with sig. '' on line 1409.
.................................................
\l__xeCJK_widow_penalty_int=\count121
.................................................
. LaTeX info: "xparse/define-command"
. 
. Defining command \xeCJKDeclareSubCJKBlock with sig. 's>{\TrimSpaces
. }m>{\TrimSpaces }m' on line 1605.
.................................................
.................................................
. LaTeX info: "xparse/define-command"
. 
. Defining command \xeCJKCancelSubCJKBlock with sig. 'sm' on line 1616.
.................................................
.................................................
. LaTeX info: "xparse/define-command"
. 
. Defining command \xeCJKRestoreSubCJKBlock with sig. 'sm' on line 1625.
.................................................
.................................................
. LaTeX info: "xparse/define-command"
. 
. Defining command \xeCJKsetwidth with sig. 'smm' on line 1723.
.................................................
.................................................
. LaTeX info: "xparse/define-command"
. 
. Defining command \xeCJKsetkern with sig. 'mmm' on line 1727.
.................................................
.................................................
. xtemplate info: "declare-object-type"
. 
. Declaring object type 'xeCJK/punctuation' taking \c_zero  argument(s) on
. line 1828.
.................................................
\l__xeCJK_fixed_punct_width_dim=\dimen143
\l__xeCJK_mixed_punct_width_dim=\dimen144
\l__xeCJK_middle_punct_width_dim=\dimen145
\l__xeCJK_fixed_margin_width_dim=\dimen146
\l__xeCJK_mixed_margin_width_dim=\dimen147
\l__xeCJK_middle_margin_width_dim=\dimen148
\l__xeCJK_bound_punct_width_dim=\dimen149
\l__xeCJK_bound_margin_width_dim=\dimen150
\l__xeCJK_margin_minimum_dim=\dimen151
\l__xeCJK_kerning_total_width_dim=\dimen152
\l__xeCJK_same_align_margin_dim=\dimen153
\l__xeCJK_different_align_margin_dim=\dimen154
\l__xeCJK_kerning_margin_width_dim=\dimen155
\l__xeCJK_kerning_margin_minimum_dim=\dimen156
\l__xeCJK_bound_dim=\dimen157
\l__xeCJK_reverse_bound_dim=\dimen158
.................................................
. LaTeX info: "xparse/define-command"
. 
. Defining command \xeCJKDeclarePunctStyle with sig. '>{\TrimSpaces }mm' on
. line 2313.
.................................................
.................................................
. LaTeX info: "xparse/define-command"
. 
. Defining command \xeCJKEditPunctStyle with sig. '>{\TrimSpaces }mm' on line
. 2326.
.................................................
.................................................
. LaTeX info: "xparse/define-command"
. 
. Defining command \setCJKfallbackfamilyfont with sig. 'mO{}m' on line 2414.
.................................................
\g__xeCJK_family_int=\count122
.................................................
. LaTeX info: "xparse/define-command"
. 
. Defining command \CJKfamily with sig. 't+t-m' on line 2838.
.................................................
.................................................
. LaTeX info: "xparse/define-command"
. 
. Defining command \__xeCJK_gobble_CJKfamily:wn with sig. 't+t-m' on line
. 2852.
.................................................
.................................................
. LaTeX info: "xparse/define-command"
. 
. Defining command \setCJKmainfont with sig. 'O{}m' on line 2902.
.................................................
.................................................
. LaTeX info: "xparse/define-command"
. 
. Defining command \setCJKsansfont with sig. 'O{}m' on line 2908.
.................................................
.................................................
. LaTeX info: "xparse/define-command"
. 
. Defining command \setCJKmonofont with sig. 'O{}m' on line 2913.
.................................................
.................................................
. LaTeX info: "xparse/define-command"
. 
. Defining command \setCJKfamilyfont with sig. 'mO{}m' on line 2920.
.................................................
.................................................
. LaTeX info: "xparse/define-command"
. 
. Defining command \newCJKfontfamily with sig. 'omO{}m' on line 2926.
.................................................
.................................................
. LaTeX info: "xparse/define-command"
. 
. Defining command \CJKfontspec with sig. 'O{}m' on line 2931.
.................................................
.................................................
. LaTeX info: "xparse/define-command"
. 
. Defining command \defaultCJKfontfeatures with sig. 'm' on line 2954.
.................................................
.................................................
. LaTeX info: "xparse/define-command"
. 
. Defining command \addCJKfontfeatures with sig. 'sO{}m' on line 2960.
.................................................
.................................................
. LaTeX info: "xparse/define-command"
. 
. Defining command \setCJKmathfont with sig. 'O{}m' on line 3130.
.................................................
\l__xeCJK_verb_case_int=\count123
.................................................
. LaTeX info: "xparse/define-command"
. 
. Defining command \xeCJKVerbAddon with sig. '' on line 3283.
.................................................
.................................................
. LaTeX info: "xparse/define-command"
. 
. Defining command \xeCJKOffVerbAddon with sig. '' on line 3287.
.................................................
\l__xeCJK_verb_exspace_skip=\skip53

(/usr/share/texlive/texmf-dist/tex/latex/fontspec/fontspec.sty
Package: fontspec 2016/02/01 v2.5a Font selection for XeLaTeX and LuaLaTeX

(/usr/share/texlive/texmf-dist/tex/latex/fontspec/fontspec-xetex.sty
Package: fontspec-xetex 2016/02/01 v2.5a Font selection for XeLaTeX and LuaLaTe
X
\l_fontspec_script_int=\count124
\l_fontspec_language_int=\count125
\l_fontspec_strnum_int=\count126
\l__fontspec_tmpa_dim=\dimen159
\l__fontspec_tmpb_dim=\dimen160
\l__fontspec_tmpc_dim=\dimen161
\g__file_internal_ior=\read1

(/usr/share/texlive/texmf-dist/tex/latex/base/fontenc.sty
Package: fontenc 2005/09/27 v1.99g Standard LaTeX package

(/usr/share/texlive/texmf-dist/tex/latex/euenc/eu1enc.def
File: eu1enc.def 2010/05/27 v0.1h Experimental Unicode font encodings
)
LaTeX Font Info:    Try loading font information for EU1+lmr on input line 105.


(/usr/share/texlive/texmf-dist/tex/latex/euenc/eu1lmr.fd
File: eu1lmr.fd 2009/10/30 v1.6 Font defs for Latin Modern
))
(/usr/share/texlive/texmf-dist/tex/xelatex/xunicode/xunicode.sty
File: xunicode.sty 2011/09/09 v0.981 provides access to latin accents and many 
other characters in Unicode lower plane

(/usr/share/texmf/tex/latex/tipa/t3enc.def
File: t3enc.def 2001/12/31 T3 encoding
LaTeX Font Info:    Try loading font information for EU1+lmss on input line 357
.

(/usr/share/texlive/texmf-dist/tex/latex/euenc/eu1lmss.fd
File: eu1lmss.fd 2009/10/30 v1.6 Font defs for Latin Modern
))
\tipaTiiicode=\count127
\tipasavetokens=\toks14
\tipachecktokens=\toks15

(/usr/share/texlive/texmf-dist/tex/latex/graphics/graphicx.sty
Package: graphicx 2014/10/28 v1.0g Enhanced LaTeX Graphics (DPC,SPQR)

(/usr/share/texlive/texmf-dist/tex/latex/graphics/keyval.sty
Package: keyval 2014/10/28 v1.15 key=value parser (DPC)
\KV@toks@=\toks16
)
(/usr/share/texlive/texmf-dist/tex/latex/graphics/graphics.sty
Package: graphics 2016/01/03 v1.0q Standard LaTeX Graphics (DPC,SPQR)

(/usr/share/texlive/texmf-dist/tex/latex/graphics/trig.sty
Package: trig 2016/01/03 v1.10 sin cos tan (DPC)
)
(/usr/share/texlive/texmf-dist/tex/latex/latexconfig/graphics.cfg
File: graphics.cfg 2010/04/23 v1.9 graphics configuration of TeX Live
)
Package graphics Info: Driver file: xetex.def on input line 95.

(/usr/share/texlive/texmf-dist/tex/xelatex/xetex-def/xetex.def
File: xetex.def 2015/09/11 v4.06 LaTeX color/graphics driver for XeTeX (TeX Liv
e/RRM/JK)

(/usr/share/texlive/texmf-dist/tex/generic/oberdiek/infwarerr.sty
Package: infwarerr 2010/04/08 v1.3 Providing info/warning/error messages (HO)
)
(/usr/share/texlive/texmf-dist/tex/generic/oberdiek/ltxcmds.sty
Package: ltxcmds 2011/11/09 v1.22 LaTeX kernel commands for general use (HO)
)))
\Gin@req@height=\dimen162
\Gin@req@width=\dimen163
))
.................................................
. LaTeX info: "xparse/define-command"
. 
. Defining command \__fontspec_post_arg:w with sig. 'mmO{}' on line 353.
.................................................
.................................................
. LaTeX info: "xparse/define-command"
. 
. Defining command \fontspec with sig. 'om' on line 355.
.................................................
.................................................
. LaTeX info: "xparse/define-command"
. 
. Defining command \setmainfont with sig. 'om' on line 365.
.................................................
.................................................
. LaTeX info: "xparse/define-command"
. 
. Defining command \setsansfont with sig. 'om' on line 375.
.................................................
.................................................
. LaTeX info: "xparse/define-command"
. 
. Defining command \setmonofont with sig. 'om' on line 385.
.................................................
.................................................
. LaTeX info: "xparse/define-command"
. 
. Defining command \setmathrm with sig. 'om' on line 399.
.................................................
.................................................
. LaTeX info: "xparse/define-command"
. 
. Defining command \setboldmathrm with sig. 'om' on line 407.
.................................................
.................................................
. LaTeX info: "xparse/define-command"
. 
. Defining command \setmathsf with sig. 'om' on line 415.
.................................................
.................................................
. LaTeX info: "xparse/define-command"
. 
. Defining command \setmathtt with sig. 'om' on line 423.
.................................................
.................................................
. LaTeX info: "xparse/define-command"
. 
. Defining command \newfontfamily with sig. 'mom' on line 437.
.................................................
.................................................
. LaTeX info: "xparse/define-command"
. 
. Defining command \newfontface with sig. 'mom' on line 453.
.................................................
.................................................
. LaTeX info: "xparse/define-command"
. 
. Defining command \defaultfontfeatures with sig. 't+om' on line 467.
.................................................
.................................................
. LaTeX info: "xparse/define-command"
. 
. Defining command \addfontfeatures with sig. 'm' on line 529.
.................................................
.................................................
. LaTeX info: "xparse/define-command"
. 
. Defining command \newfontfeature with sig. 'mm' on line 540.
.................................................
.................................................
. LaTeX info: "xparse/define-command"
. 
. Defining command \newAATfeature with sig. 'mmmm' on line 548.
.................................................
.................................................
. LaTeX info: "xparse/define-command"
. 
. Defining command \newopentypefeature with sig. 'mmm' on line 556.
.................................................
.................................................
. LaTeX info: "xparse/define-command"
. 
. Defining command \aliasfontfeature with sig. 'mm' on line 577.
.................................................
.................................................
. LaTeX info: "xparse/define-command"
. 
. Defining command \aliasfontfeatureoption with sig. 'mmm' on line 586.
.................................................
.................................................
. LaTeX info: "xparse/define-command"
. 
. Defining command \newfontscript with sig. 'mm' on line 590.
.................................................
.................................................
. LaTeX info: "xparse/define-command"
. 
. Defining command \newfontlanguage with sig. 'mm' on line 594.
.................................................
.................................................
. LaTeX info: "xparse/define-command"
. 
. Defining command \DeclareFontsExtensions with sig. 'm' on line 599.
.................................................
\l__fontspec_tmp_int=\count128

(/usr/share/texlive/texmf-dist/tex/latex/fontspec/fontspec.cfg)
LaTeX Info: Redefining \itshape on input line 2705.
LaTeX Info: Redefining \slshape on input line 2710.
LaTeX Info: Redefining \scshape on input line 2715.
LaTeX Info: Redefining \upshape on input line 2720.
\l__fontspec_em_int=\count129
\l__fontspec_emdef_int=\count130
LaTeX Info: Redefining \em on input line 2736.
LaTeX Info: Redefining \emph on input line 2742.
LaTeX Info: Redefining \- on input line 2746.
.................................................
. LaTeX info: "xparse/redefine-command"
. 
. Redefining command \oldstylenums with sig. 'm' on line 2841.
.................................................
.................................................
. LaTeX info: "xparse/define-command"
. 
. Defining command \liningnums with sig. 'm' on line 2845.
.................................................
))
(/usr/share/texlive/texmf-dist/tex/xelatex/xecjk/xunicode-addon.sty
Package: xunicode-addon 2016/02/10 v3.3.4 addon file for xunicode
.................................................
. LaTeX info: "xparse/redefine-command"
. 
. Redefining command \ReloadXunicode with sig. 'm' on line 87.
.................................................
.................................................
. LaTeX info: "xparse/redefine-command"
. 
. Redefining command \DeclareUTFmathsymbols with sig. 'm' on line 132.
.................................................
.................................................
. LaTeX info: "xparse/redefine-command"
. 
. Redefining command \UseMathAsText with sig. '' on line 141.
.................................................
.................................................
. LaTeX info: "xparse/redefine-command"
. 
. Redefining command \UndeclareUTFcharacter with sig. 'O{\UTFencname }mm' on
. line 176.
.................................................
.................................................
. LaTeX info: "xparse/redefine-command"
. 
. Redefining command \UndeclareUTFcomposite with sig. 'O{\UTFencname }mmm' on
. line 183.
.................................................
.................................................
. LaTeX info: "xparse/redefine-command"
. 
. Redefining command \DeclareUTFcharacter with sig. 'O{\UTFencname }mm' on
. line 210.
.................................................
.................................................
. LaTeX info: "xparse/define-command"
. 
. Defining command \DeclareUTFSymbol with sig. 'mO{\UTFencname }m' on line
. 236.
.................................................
.................................................
. LaTeX info: "xparse/define-command"
. 
. Defining command \DeclareUTFCommand with sig. 'mO{\UTFencname }m' on line
. 238.
.................................................
.................................................
. LaTeX info: "xparse/redefine-command"
. 
. Redefining command \DeclareUTFcomposite with sig. 'O{\UTFencname }mmm' on
. line 281.
.................................................
.................................................
. LaTeX info: "xparse/define-command"
. 
. Defining command \DeclareUTFCompositeCommand with sig. 'mO{\UTFencname }mm'
. on line 294.
.................................................
.................................................
. LaTeX info: "xparse/define-command"
. 
. Defining command \DeclareUTFCompositeSymbol with sig. 'mO{\UTFencname }mm'
. on line 299.
.................................................
.................................................
. LaTeX info: "xparse/define-command"
. 
. Defining command \DeclareUTFComposite with sig. 'mO{\UTFencname }' on line
. 301.
.................................................
.................................................
. LaTeX info: "xparse/define-command"
. 
. Defining command \DeclareUTFEncodedAccent with sig. 'mO{\UTFencname }mm' on
. line 303.
.................................................
.................................................
. LaTeX info: "xparse/define-command"
. 
. Defining command \DeclareUTFEncodedAccents with sig. 'mO{\UTFencname }mm' on
. line 305.
.................................................
.................................................
. LaTeX info: "xparse/define-command"
. 
. Defining command \DeclareUTFEncodedSymbol with sig. 'mO{\UTFencname }mm' on
. line 307.
.................................................
.................................................
. LaTeX info: "xparse/define-command"
. 
. Defining command \DeclareUTFEncodedCircle with sig. 'mO{\UTFencname }mm' on
. line 309.
.................................................
.................................................
. LaTeX info: "xparse/redefine-command"
. 
. Redefining command \DeclareEncodedCompositeCharacter with sig. 'mmmm' on
. line 311.
.................................................
.................................................
. LaTeX info: "xparse/redefine-command"
. 
. Redefining command \DeclareEncodedCompositeAccents with sig. 'mmmm' on line
. 313.
.................................................
.................................................
. LaTeX info: "xparse/define-command"
. 
. Defining command \DeclareUTFDoubleEncodedAccent with sig. 'mO{\UTFencname
. }mm' on line 315.
.................................................
.................................................
. LaTeX info: "xparse/define-command"
. 
. Defining command \DeclareUTFDoubleEncodedSymbol with sig. 'mO{\UTFencname
. }mm' on line 317.
.................................................
\l__xunadd_tmp_coffin=\box42
\l__xunadd_circle_coffin=\box43
.................................................
. LaTeX info: "xparse/define-command"
. 
. Defining command \settextcircledratio with sig. 'm' on line 468.
.................................................
.................................................
. LaTeX info: "xparse/define-command"
. 
. Defining command \AtBeginUTFCommand with sig. 'sO{}+m' on line 537.
.................................................
.................................................
. LaTeX info: "xparse/define-command"
. 
. Defining command \AtEndUTFCommand with sig. 'sO{}+m' on line 547.
.................................................
.................................................
. LaTeX info: "xparse/define-command"
. 
. Defining command \DeclareUTFTIPACommand with sig. 'O{\UTFencname }m' on line
. 579.
.................................................
)
(/usr/share/texlive/texmf-dist/tex/xelatex/xunicode/xunicode.sty
File: xunicode.sty 2011/09/09 v0.981 provides access to latin accents and many 
other characters in Unicode lower plane

*** Reloading Xunicode for encoding 'EU1' ***
) (/usr/share/texlive/texmf-dist/tex/xelatex/xecjk/xunicode-extra.def
File: xunicode-extra.def 2016/02/10 v3.3.4 extra definition for xunicode
)
.................................................
. LaTeX info: "xparse/define-command"
. 
. Defining command \xeCJKsetup with sig. '+m' on line 3588.
.................................................
.................................................
. LaTeX info: "xparse/define-command"
. 
. Defining command \xeCJKsetemboldenfactor with sig. 'm' on line 3590.
.................................................
.................................................
. LaTeX info: "xparse/define-command"
. 
. Defining command \xeCJKsetslantfactor with sig. 'm' on line 3592.
.................................................
.................................................
. LaTeX info: "xparse/define-command"
. 
. Defining command \punctstyle with sig. 'm' on line 3593.
.................................................
.................................................
. LaTeX info: "xparse/define-command"
. 
. Defining command \xeCJKplainchr with sig. '' on line 3594.
.................................................
.................................................
. LaTeX info: "xparse/define-command"
. 
. Defining command \CJKsetecglue with sig. 'm' on line 3595.
.................................................
.................................................
. LaTeX info: "xparse/define-command"
. 
. Defining command \CJKspace with sig. '' on line 3597.
.................................................
.................................................
. LaTeX info: "xparse/define-command"
. 
. Defining command \CJKnospace with sig. '' on line 3598.
.................................................
.................................................
. LaTeX info: "xparse/define-command"
. 
. Defining command \xeCJKallowbreakbetweenpuncts with sig. '' on line 3600.
.................................................
.................................................
. LaTeX info: "xparse/define-command"
. 
. Defining command \xeCJKnobreakbetweenpuncts with sig. '' on line 3602.
.................................................
.................................................
. LaTeX info: "xparse/define-command"
. 
. Defining command \xeCJKenablefallback with sig. '' on line 3604.
.................................................
.................................................
. LaTeX info: "xparse/define-command"
. 
. Defining command \xeCJKdisablefallback with sig. '' on line 3606.
.................................................
.................................................
. LaTeX info: "xparse/define-command"
. 
. Defining command \xeCJKsetcharclass with sig. 'mmm' on line 3611.
.................................................
.................................................
. LaTeX info: "xparse/redefine-command"
. 
. Redefining command \nobreakspace with sig. '' on line 3730.
.................................................
.................................................
. LaTeX info: "xparse/redefine-command"
. 
. Redefining command \fontfamily with sig. 'm' on line 3776.
.................................................

(/usr/share/texlive/texmf-dist/tex/xelatex/xecjk/xeCJK.cfg
File: xeCJK.cfg 2016/02/10 v3.3.4 Configuration file for xeCJK package
))
(/usr/share/texlive/texmf-dist/tex/latex/amsmath/amsmath.sty
Package: amsmath 2016/03/03 v2.15a AMS math features
\@mathmargin=\skip54

For additional information on amsmath, use the `?' option.
(/usr/share/texlive/texmf-dist/tex/latex/amsmath/amstext.sty
Package: amstext 2000/06/29 v2.01 AMS text

(/usr/share/texlive/texmf-dist/tex/latex/amsmath/amsgen.sty
File: amsgen.sty 1999/11/30 v2.0 generic functions
\@emptytoks=\toks17
\ex@=\dimen164
))
(/usr/share/texlive/texmf-dist/tex/latex/amsmath/amsbsy.sty
Package: amsbsy 1999/11/29 v1.2d Bold Symbols
\pmbraise@=\dimen165
)
(/usr/share/texlive/texmf-dist/tex/latex/amsmath/amsopn.sty
Package: amsopn 1999/12/14 v2.01 operator names
)
\inf@bad=\count131
LaTeX Info: Redefining \frac on input line 199.
\uproot@=\count132
\leftroot@=\count133
LaTeX Info: Redefining \overline on input line 297.
\classnum@=\count134
\DOTSCASE@=\count135
LaTeX Info: Redefining \ldots on input line 394.
LaTeX Info: Redefining \dots on input line 397.
LaTeX Info: Redefining \cdots on input line 518.
\Mathstrutbox@=\box44
\strutbox@=\box45
\big@size=\dimen166
LaTeX Font Info:    Redeclaring font encoding OML on input line 630.
LaTeX Font Info:    Redeclaring font encoding OMS on input line 631.
\macc@depth=\count136
\c@MaxMatrixCols=\count137
\dotsspace@=\muskip17
\c@parentequation=\count138
\dspbrk@lvl=\count139
\tag@help=\toks18
\row@=\count140
\column@=\count141
\maxfields@=\count142
\andhelp@=\toks19
\eqnshift@=\dimen167
\alignsep@=\dimen168
\tagshift@=\dimen169
\tagwidth@=\dimen170
\totwidth@=\dimen171
\lineht@=\dimen172
\@envbody=\toks20
\multlinegap=\skip55
\multlinetaggap=\skip56
\mathdisplay@stack=\toks21
LaTeX Info: Redefining \[ on input line 2735.
LaTeX Info: Redefining \] on input line 2736.
)
(/usr/share/texlive/texmf-dist/tex/latex/amsfonts/amssymb.sty
Package: amssymb 2013/01/14 v3.01 AMS font symbols

(/usr/share/texlive/texmf-dist/tex/latex/amsfonts/amsfonts.sty
Package: amsfonts 2013/01/14 v3.01 Basic AMSFonts support
\symAMSa=\mathgroup4
\symAMSb=\mathgroup5
LaTeX Font Info:    Overwriting math alphabet `\mathfrak' in version `bold'
(Font)                  U/euf/m/n --> U/euf/b/n on input line 106.
))
(/usr/share/texlive/texmf-dist/tex/latex/polyglossia/polyglossia.sty
Package: polyglossia 2015/08/06 v1.42.0 Alternative to Babel for XeLaTeX and Lu
aLaTeX

(/usr/share/texlive/texmf-dist/tex/latex/etoolbox/etoolbox.sty
Package: etoolbox 2015/08/02 v2.2a e-TeX tools for LaTeX (JAW)
\etb@tempcnta=\count143
)
(/usr/share/texlive/texmf-dist/tex/latex/makecmds/makecmds.sty
Package: makecmds 2009/09/03 v1.0a extra command making commands
)
(/usr/share/texlive/texmf-dist/tex/latex/xkeyval/xkeyval.sty
Package: xkeyval 2014/12/03 v2.7a package option processing (HA)

(/usr/share/texlive/texmf-dist/tex/generic/xkeyval/xkeyval.tex
(/usr/share/texlive/texmf-dist/tex/generic/xkeyval/xkvutils.tex
\XKV@toks=\toks22
\XKV@tempa@toks=\toks23
)
\XKV@depth=\count144
File: xkeyval.tex 2014/12/03 v2.7a key=value parser (HA)
))
(/usr/share/texlive/texmf-dist/tex/generic/oberdiek/ifluatex.sty
Package: ifluatex 2010/03/01 v1.3 Provides the ifluatex switch (HO)
Package ifluatex Info: LuaTeX not detected.
)
(/usr/share/texlive/texmf-dist/tex/generic/ifxetex/ifxetex.sty
Package: ifxetex 2010/09/12 v0.6 Provides ifxetex conditional
)
\xpg@normalclass=\XeTeXcharclass9
)
(/usr/share/texlive/texmf-dist/tex/latex/polyglossia/gloss-english.ldf
File: gloss-english.ldf polyglossia: module for english
)
Package polyglossia Info: Default language is english.
\g__fontspec_family_FreeSerif_int=\count145
.................................................
. fontspec info: "defining-font"
. 
. Font family 'FreeSerif(0)' created for font 'FreeSerif' with options
. [Ligatures=TeX,Extension = .otf,UprightFont = *,ItalicFont =
. *Italic,BoldFont = *Bold,BoldItalicFont = *BoldItalic].
. 
. This font family consists of the following NFSS series/shapes:
. - 'normal' (m/n) with NFSS spec.:
. <->"[FreeSerif.otf]/OT:script=latn;language=DFLT;mapping=tex-text;"
. - 'small caps'  (m/sc) with NFSS spec.:
. <->"[FreeSerif.otf]/OT:script=latn;language=DFLT;mapping=tex-text;+smcp;"-
. 'bold' (bx/n) with NFSS spec.:
. <->"[FreeSerifBold.otf]/OT:script=latn;language=DFLT;mapping=tex-text;"
. - 'bold small caps'  (bx/sc) with NFSS spec.:
. <->"[FreeSerifBold.otf]/OT:script=latn;language=DFLT;mapping=tex-text;+smcp;"
-
. 'italic' (m/it) with NFSS spec.:
. <->"[FreeSerifItalic.otf]/OT:script=latn;language=DFLT;mapping=tex-text;"
. - 'italic small caps'  (m/itsc) with NFSS spec.: - 'bold italic' (bx/it)
. with NFSS spec.:
. <->"[FreeSerifBoldItalic.otf]/OT:script=latn;language=DFLT;mapping=tex-text;"

. - 'bold italic small caps'  (bx/itsc) with NFSS spec.: 
.................................................
\g__fontspec_family_FreeSans_int=\count146
.................................................
. fontspec info: "defining-font"
. 
. Font family 'FreeSans(0)' created for font 'FreeSans' with options
. [Ligatures=TeX,Extension = .otf,UprightFont = *,ItalicFont =
. *Oblique,BoldFont = *Bold,BoldItalicFont = *BoldOblique].
. 
. This font family consists of the following NFSS series/shapes:
. - 'normal' (m/n) with NFSS spec.:
. <->"[FreeSans.otf]/OT:script=latn;language=DFLT;mapping=tex-text;"
. - 'small caps'  (m/sc) with NFSS spec.:
. <->"[FreeSans.otf]/OT:script=latn;language=DFLT;mapping=tex-text;+smcp;"-
. 'bold' (bx/n) with NFSS spec.:
. <->"[FreeSansBold.otf]/OT:script=latn;language=DFLT;mapping=tex-text;"
. - 'bold small caps'  (bx/sc) with NFSS spec.:
. <->"[FreeSansBold.otf]/OT:script=latn;language=DFLT;mapping=tex-text;+smcp;"-

. 'italic' (m/it) with NFSS spec.:
. <->"[FreeSansOblique.otf]/OT:script=latn;language=DFLT;mapping=tex-text;"
. - 'italic small caps'  (m/itsc) with NFSS spec.: - 'bold italic' (bx/it)
. with NFSS spec.:
. <->"[FreeSansBoldOblique.otf]/OT:script=latn;language=DFLT;mapping=tex-text;"

. - 'bold italic small caps'  (bx/itsc) with NFSS spec.: 
.................................................
\g__fontspec_family_FreeMono_int=\count147
.................................................
. fontspec info: "defining-font"
. 
. Font family 'FreeMono(0)' created for font 'FreeMono' with options
. [WordSpace={1,0,0},PunctuationSpace=WordSpace,Extension = .otf,UprightFont =
. *,ItalicFont = *Oblique,BoldFont = *Bold,BoldItalicFont = *BoldOblique].
. 
. This font family consists of the following NFSS series/shapes:
. - 'normal' (m/n) with NFSS spec.:
. <->"[FreeMono.otf]/OT:script=latn;language=DFLT;"
. - 'small caps'  (m/sc) with NFSS spec.: 
. and font adjustment code:
. \fontdimen 2\font =1\fontdimen 2\font \fontdimen 3\font =0\fontdimen 3\font
. \fontdimen 4\font =0\fontdimen 4\font \fontdimen 7\font =0\fontdimen 2\font
. - 'bold' (bx/n) with NFSS spec.:
. <->"[FreeMonoBold.otf]/OT:script=latn;language=DFLT;"
. - 'bold small caps'  (bx/sc) with NFSS spec.: 
. and font adjustment code:
. \fontdimen 2\font =1\fontdimen 2\font \fontdimen 3\font =0\fontdimen 3\font
. \fontdimen 4\font =0\fontdimen 4\font \fontdimen 7\font =0\fontdimen 2\font
. - 'italic' (m/it) with NFSS spec.:
. <->"[FreeMonoOblique.otf]/OT:script=latn;language=DFLT;"
. - 'italic small caps'  (m/itsc) with NFSS spec.: 
. and font adjustment code:
. \fontdimen 2\font =1\fontdimen 2\font \fontdimen 3\font =0\fontdimen 3\font
. \fontdimen 4\font =0\fontdimen 4\font \fontdimen 7\font =0\fontdimen 2\font
. - 'bold italic' (bx/it) with NFSS spec.:
. <->"[FreeMonoBoldOblique.otf]/OT:script=latn;language=DFLT;"
. - 'bold italic small caps'  (bx/itsc) with NFSS spec.: 
. and font adjustment code:
. \fontdimen 2\font =1\fontdimen 2\font \fontdimen 3\font =0\fontdimen 3\font
. \fontdimen 4\font =0\fontdimen 4\font \fontdimen 7\font =0\fontdimen 2\font 
.................................................

(/usr/share/texlive/texmf-dist/tex/latex/fncychap/fncychap.sty
Package: fncychap 2007/07/30 v1.34 LaTeX package (Revised chapters)
\RW=\skip57
\mylen=\skip58
\myhi=\skip59
\px=\skip60
\py=\skip61
\pyy=\skip62
\pxx=\skip63
) (./sphinx.sty
Package: sphinx 2019/09/02 v2.2.1 LaTeX package (Sphinx markup)

(/usr/share/texlive/texmf-dist/tex/latex/fancyhdr/fancyhdr.sty
\fancy@headwidth=\skip64
\f@ncyO@elh=\skip65
\f@ncyO@erh=\skip66
\f@ncyO@olh=\skip67
\f@ncyO@orh=\skip68
\f@ncyO@elf=\skip69
\f@ncyO@erf=\skip70
\f@ncyO@olf=\skip71
\f@ncyO@orf=\skip72
)
(/usr/share/texlive/texmf-dist/tex/latex/base/textcomp.sty
Package: textcomp 2005/09/27 v1.99g Standard LaTeX package
Package textcomp Info: Sub-encoding information:
(textcomp)               5 = only ISO-Adobe without \textcurrency
(textcomp)               4 = 5 + \texteuro
(textcomp)               3 = 4 + \textohm
(textcomp)               2 = 3 + \textestimated + \textcurrency
(textcomp)               1 = TS1 - \textcircled - \t
(textcomp)               0 = TS1 (full)
(textcomp)             Font families with sub-encoding setting implement
(textcomp)             only a restricted character set as indicated.
(textcomp)             Family '?' is the default used for unknown fonts.
(textcomp)             See the documentation for details.
Package textcomp Info: Setting ? sub-encoding to TS1/1 on input line 79.

(/usr/share/texlive/texmf-dist/tex/latex/base/ts1enc.def
File: ts1enc.def 2001/06/05 v3.0e (jk/car/fm) Standard LaTeX file
)
LaTeX Info: Redefining \oldstylenums on input line 334.
Package textcomp Info: Setting cmr sub-encoding to TS1/0 on input line 349.
Package textcomp Info: Setting cmss sub-encoding to TS1/0 on input line 350.
Package textcomp Info: Setting cmtt sub-encoding to TS1/0 on input line 351.
Package textcomp Info: Setting cmvtt sub-encoding to TS1/0 on input line 352.
Package textcomp Info: Setting cmbr sub-encoding to TS1/0 on input line 353.
Package textcomp Info: Setting cmtl sub-encoding to TS1/0 on input line 354.
Package textcomp Info: Setting ccr sub-encoding to TS1/0 on input line 355.
Package textcomp Info: Setting ptm sub-encoding to TS1/4 on input line 356.
Package textcomp Info: Setting pcr sub-encoding to TS1/4 on input line 357.
Package textcomp Info: Setting phv sub-encoding to TS1/4 on input line 358.
Package textcomp Info: Setting ppl sub-encoding to TS1/3 on input line 359.
Package textcomp Info: Setting pag sub-encoding to TS1/4 on input line 360.
Package textcomp Info: Setting pbk sub-encoding to TS1/4 on input line 361.
Package textcomp Info: Setting pnc sub-encoding to TS1/4 on input line 362.
Package textcomp Info: Setting pzc sub-encoding to TS1/4 on input line 363.
Package textcomp Info: Setting bch sub-encoding to TS1/4 on input line 364.
Package textcomp Info: Setting put sub-encoding to TS1/5 on input line 365.
Package textcomp Info: Setting uag sub-encoding to TS1/5 on input line 366.
Package textcomp Info: Setting ugq sub-encoding to TS1/5 on input line 367.
Package textcomp Info: Setting ul8 sub-encoding to TS1/4 on input line 368.
Package textcomp Info: Setting ul9 sub-encoding to TS1/4 on input line 369.
Package textcomp Info: Setting augie sub-encoding to TS1/5 on input line 370.
Package textcomp Info: Setting dayrom sub-encoding to TS1/3 on input line 371.
Package textcomp Info: Setting dayroms sub-encoding to TS1/3 on input line 372.

Package textcomp Info: Setting pxr sub-encoding to TS1/0 on input line 373.
Package textcomp Info: Setting pxss sub-encoding to TS1/0 on input line 374.
Package textcomp Info: Setting pxtt sub-encoding to TS1/0 on input line 375.
Package textcomp Info: Setting txr sub-encoding to TS1/0 on input line 376.
Package textcomp Info: Setting txss sub-encoding to TS1/0 on input line 377.
Package textcomp Info: Setting txtt sub-encoding to TS1/0 on input line 378.
Package textcomp Info: Setting lmr sub-encoding to TS1/0 on input line 379.
Package textcomp Info: Setting lmdh sub-encoding to TS1/0 on input line 380.
Package textcomp Info: Setting lmss sub-encoding to TS1/0 on input line 381.
Package textcomp Info: Setting lmssq sub-encoding to TS1/0 on input line 382.
Package textcomp Info: Setting lmvtt sub-encoding to TS1/0 on input line 383.
Package textcomp Info: Setting lmtt sub-encoding to TS1/0 on input line 384.
Package textcomp Info: Setting qhv sub-encoding to TS1/0 on input line 385.
Package textcomp Info: Setting qag sub-encoding to TS1/0 on input line 386.
Package textcomp Info: Setting qbk sub-encoding to TS1/0 on input line 387.
Package textcomp Info: Setting qcr sub-encoding to TS1/0 on input line 388.
Package textcomp Info: Setting qcs sub-encoding to TS1/0 on input line 389.
Package textcomp Info: Setting qpl sub-encoding to TS1/0 on input line 390.
Package textcomp Info: Setting qtm sub-encoding to TS1/0 on input line 391.
Package textcomp Info: Setting qzc sub-encoding to TS1/0 on input line 392.
Package textcomp Info: Setting qhvc sub-encoding to TS1/0 on input line 393.
Package textcomp Info: Setting futs sub-encoding to TS1/4 on input line 394.
Package textcomp Info: Setting futx sub-encoding to TS1/4 on input line 395.
Package textcomp Info: Setting futj sub-encoding to TS1/4 on input line 396.
Package textcomp Info: Setting hlh sub-encoding to TS1/3 on input line 397.
Package textcomp Info: Setting hls sub-encoding to TS1/3 on input line 398.
Package textcomp Info: Setting hlst sub-encoding to TS1/3 on input line 399.
Package textcomp Info: Setting hlct sub-encoding to TS1/5 on input line 400.
Package textcomp Info: Setting hlx sub-encoding to TS1/5 on input line 401.
Package textcomp Info: Setting hlce sub-encoding to TS1/5 on input line 402.
Package textcomp Info: Setting hlcn sub-encoding to TS1/5 on input line 403.
Package textcomp Info: Setting hlcw sub-encoding to TS1/5 on input line 404.
Package textcomp Info: Setting hlcf sub-encoding to TS1/5 on input line 405.
Package textcomp Info: Setting pplx sub-encoding to TS1/3 on input line 406.
Package textcomp Info: Setting pplj sub-encoding to TS1/3 on input line 407.
Package textcomp Info: Setting ptmx sub-encoding to TS1/4 on input line 408.
Package textcomp Info: Setting ptmj sub-encoding to TS1/4 on input line 409.
)
(/usr/share/texlive/texmf-dist/tex/latex/titlesec/titlesec.sty
Package: titlesec 2016/03/15 v2.10.1 Sectioning titles
\ttl@box=\box46
\beforetitleunit=\skip73
\aftertitleunit=\skip74
\ttl@plus=\dimen173
\ttl@minus=\dimen174
\ttl@toksa=\toks24
\titlewidth=\dimen175
\titlewidthlast=\dimen176
\titlewidthfirst=\dimen177
)

 Package Sphinx Info: 
 **** titlesec 2.10.1 successfully patched for bugfix ****

(/usr/share/texlive/texmf-dist/tex/latex/tabulary/tabulary.sty
Package: tabulary 2014/06/11 v0.10 tabulary package (DPC)

(/usr/share/texlive/texmf-dist/tex/latex/tools/array.sty
Package: array 2014/10/28 v2.4c Tabular extension package (FMi)
\col@sep=\dimen178
\extrarowheight=\dimen179
\NC@list=\toks25
\extratabsurround=\skip75
\backup@length=\skip76
)
\TY@count=\count148
\TY@linewidth=\dimen180
\tymin=\dimen181
\tymax=\dimen182
\TY@tablewidth=\dimen183
)
(/usr/share/texlive/texmf-dist/tex/latex/tools/longtable.sty
Package: longtable 2014/10/28 v4.11 Multi-page Table package (DPC)
\LTleft=\skip77
\LTright=\skip78
\LTpre=\skip79
\LTpost=\skip80
\LTchunksize=\count149
\LTcapwidth=\dimen184
\LT@head=\box47
\LT@firsthead=\box48
\LT@foot=\box49
\LT@lastfoot=\box50
\LT@cols=\count150
\LT@rows=\count151
\c@LT@tables=\count152
\c@LT@chunks=\count153
\LT@p@ftn=\toks26
)
(/usr/share/texlive/texmf-dist/tex/latex/varwidth/varwidth.sty
Package: varwidth 2009/03/30 ver 0.92;  Variable-width minipages
\@vwid@box=\box51
\sift@deathcycles=\count154
\@vwid@loff=\dimen185
\@vwid@roff=\dimen186
)
(./sphinxmulticell.sty
Package: sphinxmulticell 2017/02/23 v1.6 better span rows and columns of a tabl
e (Sphinx team)
\sphinx@TY@tablewidth=\dimen187
)
(/usr/share/texlive/texmf-dist/tex/latex/base/makeidx.sty
Package: makeidx 2014/09/29 v1.0m Standard LaTeX package
)
(/usr/share/texlive/texmf-dist/tex/latex/framed/framed.sty
Package: framed 2011/10/22 v 0.96: framed or shaded text with page breaks
\OuterFrameSep=\skip81
\fb@frw=\dimen188
\fb@frh=\dimen189
\FrameRule=\dimen190
\FrameSep=\dimen191
)
(/usr/share/texlive/texmf-dist/tex/latex/xcolor/xcolor.sty
Package: xcolor 2007/01/21 v2.11 LaTeX color extensions (UK)

(/usr/share/texlive/texmf-dist/tex/latex/latexconfig/color.cfg
File: color.cfg 2007/01/18 v1.5 color configuration of teTeX/TeXLive
)
Package xcolor Info: Driver file: xetex.def on input line 225.
Package xcolor Info: Model `cmy' substituted by `cmy0' on input line 1337.
Package xcolor Info: Model `RGB' extended on input line 1353.
Package xcolor Info: Model `HTML' substituted by `rgb' on input line 1355.
Package xcolor Info: Model `Hsb' substituted by `hsb' on input line 1356.
Package xcolor Info: Model `tHsb' substituted by `hsb' on input line 1357.
Package xcolor Info: Model `HSB' substituted by `hsb' on input line 1358.
Package xcolor Info: Model `Gray' substituted by `gray' on input line 1359.
Package xcolor Info: Model `wave' substituted by `hsb' on input line 1360.
)
(/usr/share/texlive/texmf-dist/tex/latex/fancyvrb/fancyvrb.sty
Package: fancyvrb 2008/02/07

Style option: `fancyvrb' v2.7a, with DG/SPQR fixes, and firstline=lastline fix 
<2008/02/07> (tvz)
\FV@CodeLineNo=\count155
\FV@InFile=\read2
\FV@TabBox=\box52
\c@FancyVerbLine=\count156
\FV@StepNumber=\count157
\FV@OutFile=\write3
) (./footnotehyper-sphinx.sty
Package: footnotehyper-sphinx 2017/10/27 v1.7 hyperref aware footnote.sty for s
phinx (JFB)
\FNH@notes=\box53
\FNH@width=\dimen192
)
(/usr/share/texlive/texmf-dist/tex/latex/float/float.sty
Package: float 2001/11/08 v1.3d Float enhancements (AL)
\c@float@type=\count158
\float@exts=\toks27
\float@box=\box54
\@float@everytoks=\toks28
\@floatcapt=\box55
)
(/usr/share/texlive/texmf-dist/tex/latex/wrapfig/wrapfig.sty
\wrapoverhang=\dimen193
\WF@size=\dimen194
\c@WF@wrappedlines=\count159
\WF@box=\box56
\WF@everypar=\toks29
Package: wrapfig 2003/01/31  v 3.6
)
(/usr/share/texlive/texmf-dist/tex/latex/parskip/parskip.sty
Package: parskip 2001/04/09 non-zero parskip adjustments
)
(/usr/share/texlive/texmf-dist/tex/latex/base/alltt.sty
Package: alltt 1997/06/16 v2.0g defines alltt environment
)
(/usr/share/texlive/texmf-dist/tex/latex/upquote/upquote.sty
Package: upquote 2012/04/19 v1.3 upright-quote and grave-accent glyphs in verba
tim
)
(/usr/share/texlive/texmf-dist/tex/latex/capt-of/capt-of.sty
Package: capt-of 2009/12/29 v0.2 standard captions outside of floats
)
(/usr/share/texlive/texmf-dist/tex/latex/needspace/needspace.sty
Package: needspace 2010/09/12 v1.3d reserve vertical space
)
(/usr/share/texlive/texmf-dist/tex/latex/carlisle/remreset.sty)
(./sphinxhighlight.sty
Package: sphinxhighlight 2016/05/29 stylesheet for highlighting with pygments
)
(/usr/share/texlive/texmf-dist/tex/latex/oberdiek/kvoptions.sty
Package: kvoptions 2011/06/30 v3.11 Key value format for package options (HO)

(/usr/share/texlive/texmf-dist/tex/generic/oberdiek/kvsetkeys.sty
Package: kvsetkeys 2012/04/25 v1.16 Key value parser (HO)

(/usr/share/texlive/texmf-dist/tex/generic/oberdiek/etexcmds.sty
Package: etexcmds 2011/02/16 v1.5 Avoid name clashes with e-TeX commands (HO)
Package etexcmds Info: Could not find \expanded.
(etexcmds)             That can mean that you are not using pdfTeX 1.50 or
(etexcmds)             that some package has redefined \expanded.
(etexcmds)             In the latter case, load this package earlier.
)))
\sphinxverbatimsep=\dimen195
\sphinxverbatimborder=\dimen196
\sphinxshadowsep=\dimen197
\sphinxshadowsize=\dimen198
\sphinxshadowrule=\dimen199
\spx@notice@border=\dimen256
\spx@image@maxheight=\dimen257
\spx@image@box=\dimen258
\c@literalblock=\count160
\sphinxcontinuationbox=\box57
\sphinxvisiblespacebox=\box58
\sphinxVerbatim@TitleBox=\box59
\py@argswidth=\skip82
\lineblockindentation=\skip83
\DUlineblockindent=\skip84
)
(/usr/share/texlive/texmf-dist/tex/latex/geometry/geometry.sty
Package: geometry 2010/09/12 v5.6 Page Geometry

(/usr/share/texlive/texmf-dist/tex/generic/oberdiek/ifpdf.sty
Package: ifpdf 2011/01/30 v2.3 Provides the ifpdf switch (HO)
Package ifpdf Info: pdfTeX in PDF mode is not detected.
)
(/usr/share/texlive/texmf-dist/tex/generic/oberdiek/ifvtex.sty
Package: ifvtex 2010/03/01 v1.5 Detect VTeX and its facilities (HO)
Package ifvtex Info: VTeX not detected.
)
\Gm@cnth=\count161
\Gm@cntv=\count162
\c@Gm@tempcnt=\count163
\Gm@bindingoffset=\dimen259
\Gm@wd@mp=\dimen260
\Gm@odd@mp=\dimen261
\Gm@even@mp=\dimen262
\Gm@layoutwidth=\dimen263
\Gm@layoutheight=\dimen264
\Gm@layouthoffset=\dimen265
\Gm@layoutvoffset=\dimen266
\Gm@dimlist=\toks30
)
(/usr/share/texlive/texmf-dist/tex/latex/hyperref/hyperref.sty
Package: hyperref 2012/11/06 v6.83m Hypertext links for LaTeX

(/usr/share/texlive/texmf-dist/tex/generic/oberdiek/hobsub-hyperref.sty
Package: hobsub-hyperref 2012/05/28 v1.13 Bundle oberdiek, subset hyperref (HO)


(/usr/share/texlive/texmf-dist/tex/generic/oberdiek/hobsub-generic.sty
Package: hobsub-generic 2012/05/28 v1.13 Bundle oberdiek, subset generic (HO)
Package: hobsub 2012/05/28 v1.13 Construct package bundles (HO)
Package hobsub Info: Skipping package `infwarerr' (already loaded).
Package hobsub Info: Skipping package `ltxcmds' (already loaded).
Package hobsub Info: Skipping package `ifluatex' (already loaded).
Package hobsub Info: Skipping package `ifvtex' (already loaded).
Package: intcalc 2007/09/27 v1.1 Expandable calculations with integers (HO)
Package hobsub Info: Skipping package `ifpdf' (already loaded).
Package hobsub Info: Skipping package `etexcmds' (already loaded).
Package hobsub Info: Skipping package `kvsetkeys' (already loaded).
Package: kvdefinekeys 2011/04/07 v1.3 Define keys (HO)
Package: pdftexcmds 2011/11/29 v0.20 Utility functions of pdfTeX for LuaTeX (HO
)
Package pdftexcmds Info: LuaTeX not detected.
Package pdftexcmds Info: pdfTeX >= 1.30 not detected.
Package pdftexcmds Info: \pdf@primitive is available.
Package pdftexcmds Info: \pdf@ifprimitive is available.
Package pdftexcmds Info: \pdfdraftmode not found.
Package: pdfescape 2011/11/25 v1.13 Implements pdfTeX's escape features (HO)
Package: bigintcalc 2012/04/08 v1.3 Expandable calculations on big integers (HO
)
Package: bitset 2011/01/30 v1.1 Handle bit-vector datatype (HO)
Package: uniquecounter 2011/01/30 v1.2 Provide unlimited unique counter (HO)
)
Package hobsub Info: Skipping package `hobsub' (already loaded).
Package: letltxmacro 2010/09/02 v1.4 Let assignment for LaTeX macros (HO)
Package: hopatch 2012/05/28 v1.2 Wrapper for package hooks (HO)
Package: xcolor-patch 2011/01/30 xcolor patch
Package: atveryend 2011/06/30 v1.8 Hooks at the very end of document (HO)
Package: atbegshi 2011/10/05 v1.16 At begin shipout hook (HO)
Package: refcount 2011/10/16 v3.4 Data extraction from label references (HO)
Package: hycolor 2011/01/30 v1.7 Color options for hyperref/bookmark (HO)
)
(/usr/share/texlive/texmf-dist/tex/latex/oberdiek/auxhook.sty
Package: auxhook 2011/03/04 v1.3 Hooks for auxiliary files (HO)
)
\@linkdim=\dimen267
\Hy@linkcounter=\count164
\Hy@pagecounter=\count165

(/usr/share/texlive/texmf-dist/tex/latex/hyperref/pd1enc.def
File: pd1enc.def 2012/11/06 v6.83m Hyperref: PDFDocEncoding definition (HO)
)
\Hy@SavedSpaceFactor=\count166

(/usr/share/texlive/texmf-dist/tex/latex/latexconfig/hyperref.cfg
File: hyperref.cfg 2002/06/06 v1.2 hyperref configuration of TeXLive
)
Package hyperref Info: Option `hyperindex' set `false' on input line 4319.
Package hyperref Info: Option `unicode' set `true' on input line 4319.

(/usr/share/texlive/texmf-dist/tex/latex/hyperref/puenc.def
File: puenc.def 2012/11/06 v6.83m Hyperref: PDF Unicode definition (HO)
)
Package hyperref Info: Option `colorlinks' set `true' on input line 4319.
Package hyperref Info: Option `breaklinks' set `true' on input line 4319.
Package hyperref Info: Hyper figures OFF on input line 4443.
Package hyperref Info: Link nesting OFF on input line 4448.
Package hyperref Info: Hyper index OFF on input line 4453.
Package hyperref Info: Plain pages OFF on input line 4458.
Package hyperref Info: Backreferencing OFF on input line 4463.
Package hyperref Info: Implicit mode ON; LaTeX internals redefined.
Package hyperref Info: Bookmarks ON on input line 4688.
\c@Hy@tempcnt=\count167

(/usr/share/texlive/texmf-dist/tex/latex/url/url.sty
\Urlmuskip=\muskip18
Package: url 2013/09/16  ver 3.4  Verb mode for urls, etc.
)
LaTeX Info: Redefining \url on input line 5041.
\XeTeXLinkMargin=\dimen268
\Fld@menulength=\count168
\Field@Width=\dimen269
\Fld@charsize=\dimen270
Package hyperref Info: Hyper figures OFF on input line 6295.
Package hyperref Info: Link nesting OFF on input line 6300.
Package hyperref Info: Hyper index OFF on input line 6305.
Package hyperref Info: backreferencing OFF on input line 6310.
Package hyperref Info: Link coloring ON on input line 6313.
Package hyperref Info: Link coloring with OCG OFF on input line 6320.
Package hyperref Info: PDF/A mode OFF on input line 6325.
LaTeX Info: Redefining \ref on input line 6365.
LaTeX Info: Redefining \pageref on input line 6369.
\Hy@abspage=\count169
\c@Item=\count170
\c@Hfootnote=\count171
)

Package hyperref Message: Driver (autodetected): hxetex.

(/usr/share/texlive/texmf-dist/tex/latex/hyperref/hxetex.def
File: hxetex.def 2012/11/06 v6.83m Hyperref driver for XeTeX

(/usr/share/texlive/texmf-dist/tex/generic/oberdiek/stringenc.sty
Package: stringenc 2011/12/02 v1.10 Convert strings between diff. encodings (HO
)
)
\pdfm@box=\box60
\c@Hy@AnnotLevel=\count172
\HyField@AnnotCount=\count173
\Fld@listcount=\count174
\c@bookmark@seq@number=\count175

(/usr/share/texlive/texmf-dist/tex/latex/oberdiek/rerunfilecheck.sty
Package: rerunfilecheck 2011/04/15 v1.7 Rerun checks for auxiliary files (HO)
Package rerunfilecheck Info: Feature \pdfmdfivesum is not available
(rerunfilecheck)             (e.g. pdfTeX or LuaTeX with package `pdftexcmds').

(rerunfilecheck)             Therefore file contents cannot be checked efficien
tly
(rerunfilecheck)             and the loading of the package is aborted.
)
\Hy@SectionHShift=\skip85
)
(/usr/share/texlive/texmf-dist/tex/latex/oberdiek/hypcap.sty
Package: hypcap 2011/02/16 v1.11 Adjusting the anchors of captions (HO)
)
(./sphinxmessages.sty
Package: sphinxmessages 2019/01/04 v2.0 Localized LaTeX macros (Sphinx team)
)
\@indexfile=\write4
\openout4 = `hipost.idx'.


Writing index file hipost.idx
*************************************************
* xeCJK warning: "fandol"
* 
* Fandol is being set as the default font for CJK text.
* Please make sure it has been properly installed.
*************************************************
*************************************************
* fontspec warning: "script-not-exist"
* 
* Font 'FandolSong-Regular' does not contain script 'CJK'.
*************************************************
\g__fontspec_family_FandolSong-Regular_int=\count176
.................................................
. fontspec info: "defining-font"
. 
. Font family 'FandolSong-Regular(0)' created for font 'FandolSong-Regular'
. with options
. [Script={CJK},Extension={.otf},BoldFont={FandolSong-Bold},ItalicFont={FandolK
ai-Regular}].
. 
. This font family consists of the following NFSS series/shapes:
. - 'normal' (m/n) with NFSS spec.: <->"[FandolSong-Regular.otf]/OT:"
. - 'small caps'  (m/sc) with NFSS spec.: - 'bold' (bx/n) with NFSS spec.:
. <->"[FandolSong-Bold.otf]/OT:"
. - 'bold small caps'  (bx/sc) with NFSS spec.: - 'italic' (m/it) with NFSS
. spec.: <->"[FandolKai-Regular.otf]/OT:"
. - 'italic small caps'  (m/itsc) with NFSS spec.: 
.................................................
(./hipost.aux)
\openout1 = `hipost.aux'.

LaTeX Font Info:    Checking defaults for OML/cmm/m/it on input line 73.
LaTeX Font Info:    ... okay on input line 73.
LaTeX Font Info:    Checking defaults for T1/cmr/m/n on input line 73.
LaTeX Font Info:    ... okay on input line 73.
LaTeX Font Info:    Checking defaults for OT1/cmr/m/n on input line 73.
LaTeX Font Info:    ... okay on input line 73.
LaTeX Font Info:    Checking defaults for OMS/cmsy/m/n on input line 73.
LaTeX Font Info:    ... okay on input line 73.
LaTeX Font Info:    Checking defaults for OMX/cmex/m/n on input line 73.
LaTeX Font Info:    ... okay on input line 73.
LaTeX Font Info:    Checking defaults for U/cmr/m/n on input line 73.
LaTeX Font Info:    ... okay on input line 73.
LaTeX Font Info:    Checking defaults for EU1/lmr/m/n on input line 73.
LaTeX Font Info:    ... okay on input line 73.
LaTeX Font Info:    Checking defaults for T3/cmr/m/n on input line 73.
LaTeX Font Info:    Try loading font information for T3+cmr on input line 73.
 (/usr/share/texmf/tex/latex/tipa/t3cmr.fd
File: t3cmr.fd 2001/12/31 TIPA font definitions
)
LaTeX Font Info:    ... okay on input line 73.
LaTeX Font Info:    Checking defaults for TS1/cmr/m/n on input line 73.
LaTeX Font Info:    Try loading font information for TS1+cmr on input line 73.

(/usr/share/texlive/texmf-dist/tex/latex/base/ts1cmr.fd
File: ts1cmr.fd 2014/09/29 v2.5h Standard LaTeX font definitions
)
LaTeX Font Info:    ... okay on input line 73.
LaTeX Font Info:    Checking defaults for PD1/pdf/m/n on input line 73.
LaTeX Font Info:    ... okay on input line 73.
LaTeX Font Info:    Checking defaults for PU/pdf/m/n on input line 73.
LaTeX Font Info:    ... okay on input line 73.
.................................................
. fontspec info: "setup-math"
. 
. Adjusting the maths setup (use [no-math] to avoid this).
.................................................
\symlegacymaths=\mathgroup6
LaTeX Font Info:    Overwriting symbol font `legacymaths' in version `bold'
(Font)                  OT1/cmr/m/n --> OT1/cmr/bx/n on input line 73.
LaTeX Font Info:    Redeclaring math accent \acute on input line 73.
LaTeX Font Info:    Redeclaring math accent \grave on input line 73.
LaTeX Font Info:    Redeclaring math accent \ddot on input line 73.
LaTeX Font Info:    Redeclaring math accent \tilde on input line 73.
LaTeX Font Info:    Redeclaring math accent \bar on input line 73.
LaTeX Font Info:    Redeclaring math accent \breve on input line 73.
LaTeX Font Info:    Redeclaring math accent \check on input line 73.
LaTeX Font Info:    Redeclaring math accent \hat on input line 73.
LaTeX Font Info:    Redeclaring math accent \dot on input line 73.
LaTeX Font Info:    Redeclaring math accent \mathring on input line 73.
LaTeX Font Info:    Redeclaring math symbol \Gamma on input line 73.
LaTeX Font Info:    Redeclaring math symbol \Delta on input line 73.
LaTeX Font Info:    Redeclaring math symbol \Theta on input line 73.
LaTeX Font Info:    Redeclaring math symbol \Lambda on input line 73.
LaTeX Font Info:    Redeclaring math symbol \Xi on input line 73.
LaTeX Font Info:    Redeclaring math symbol \Pi on input line 73.
LaTeX Font Info:    Redeclaring math symbol \Sigma on input line 73.
LaTeX Font Info:    Redeclaring math symbol \Upsilon on input line 73.
LaTeX Font Info:    Redeclaring math symbol \Phi on input line 73.
LaTeX Font Info:    Redeclaring math symbol \Psi on input line 73.
LaTeX Font Info:    Redeclaring math symbol \Omega on input line 73.
LaTeX Font Info:    Redeclaring math symbol \mathdollar on input line 73.
LaTeX Font Info:    Redeclaring symbol font `operators' on input line 73.
LaTeX Font Info:    Encoding `OT1' has changed to `EU1' for symbol font
(Font)              `operators' in the math version `normal' on input line 73.
LaTeX Font Info:    Overwriting symbol font `operators' in version `normal'
(Font)                  OT1/cmr/m/n --> EU1/FreeSerif(0)/m/n on input line 73.
LaTeX Font Info:    Encoding `OT1' has changed to `EU1' for symbol font
(Font)              `operators' in the math version `bold' on input line 73.
LaTeX Font Info:    Overwriting symbol font `operators' in version `bold'
(Font)                  OT1/cmr/bx/n --> EU1/FreeSerif(0)/m/n on input line 73.

LaTeX Font Info:    Overwriting symbol font `operators' in version `normal'
(Font)                  EU1/FreeSerif(0)/m/n --> EU1/FreeSerif(0)/m/n on input 
line 73.
LaTeX Font Info:    Overwriting math alphabet `\mathit' in version `normal'
(Font)                  OT1/cmr/m/it --> EU1/FreeSerif(0)/m/it on input line 73
.
LaTeX Font Info:    Overwriting math alphabet `\mathbf' in version `normal'
(Font)                  OT1/cmr/bx/n --> EU1/FreeSerif(0)/bx/n on input line 73
.
LaTeX Font Info:    Overwriting math alphabet `\mathsf' in version `normal'
(Font)                  OT1/cmss/m/n --> EU1/FreeSans(0)/m/n on input line 73.
LaTeX Font Info:    Overwriting math alphabet `\mathtt' in version `normal'
(Font)                  OT1/cmtt/m/n --> EU1/FreeMono(0)/m/n on input line 73.
LaTeX Font Info:    Overwriting symbol font `operators' in version `bold'
(Font)                  EU1/FreeSerif(0)/m/n --> EU1/FreeSerif(0)/bx/n on input
 line 73.
LaTeX Font Info:    Overwriting math alphabet `\mathit' in version `bold'
(Font)                  OT1/cmr/bx/it --> EU1/FreeSerif(0)/bx/it on input line 
73.
LaTeX Font Info:    Overwriting math alphabet `\mathsf' in version `bold'
(Font)                  OT1/cmss/bx/n --> EU1/FreeSans(0)/bx/n on input line 73
.
LaTeX Font Info:    Overwriting math alphabet `\mathtt' in version `bold'
(Font)                  OT1/cmtt/m/n --> EU1/FreeMono(0)/bx/n on input line 73.


*geometry* driver: auto-detecting
*geometry* detected driver: xetex
*geometry* verbose mode - [ preamble ] result:
* driver: xetex
* paper: letterpaper
* layout: <same size as paper>
* layoutoffset:(h,v)=(0.0pt,0.0pt)
* modes: twoside 
* h-part:(L,W,R)=(72.26999pt, 469.75502pt, 72.26999pt)
* v-part:(T,H,B)=(72.26999pt, 650.43001pt, 72.26999pt)
* \paperwidth=614.295pt
* \paperheight=794.96999pt
* \textwidth=469.75502pt
* \textheight=650.43001pt
* \oddsidemargin=0.0pt
* \evensidemargin=0.0pt
* \topmargin=-37.0pt
* \headheight=12.0pt
* \headsep=25.0pt
* \topskip=10.0pt
* \footskip=30.0pt
* \marginparwidth=36.135pt
* \marginparsep=11.0pt
* \columnsep=10.0pt
* \skip\footins=9.0pt plus 4.0pt minus 2.0pt
* \hoffset=0.0pt
* \voffset=0.0pt
* \mag=1000
* \@twocolumnfalse
* \@twosidetrue
* \@mparswitchtrue
* \@reversemarginfalse
* (1in=72.27pt=25.4mm, 1cm=28.453pt)

\AtBeginShipoutBox=\box61
Package hyperref Info: Link coloring ON on input line 73.
(/usr/share/texlive/texmf-dist/tex/latex/hyperref/nameref.sty
Package: nameref 2012/10/27 v2.43 Cross-referencing by name of section

(/usr/share/texlive/texmf-dist/tex/generic/oberdiek/gettitlestring.sty
Package: gettitlestring 2010/12/03 v1.4 Cleanup title references (HO)
)
\c@section@level=\count177
)
LaTeX Info: Redefining \ref on input line 73.
LaTeX Info: Redefining \pageref on input line 73.
LaTeX Info: Redefining \nameref on input line 73.

(./hipost.out) (./hipost.out)
\@outlinefile=\write5
\openout5 = `hipost.out'.

Package hyperref Info: Option `pageanchor' set `false' on input line 76.

*************************************************
* fontspec warning: "script-not-exist"
* 
* Font 'FandolHei-Regular' does not contain script 'CJK'.
*************************************************
\g__fontspec_family_FandolHei-Regular_int=\count178
.................................................
. fontspec info: "defining-font"
. 
. Font family 'FandolHei-Regular(0)' created for font 'FandolHei-Regular' with
. options [Script={CJK},Extension={.otf},BoldFont={FandolHei-Bold}].
. 
. This font family consists of the following NFSS series/shapes:
. - 'normal' (m/n) with NFSS spec.: <->"[FandolHei-Regular.otf]/OT:"
. - 'small caps'  (m/sc) with NFSS spec.: - 'bold' (bx/n) with NFSS spec.:
. <->"[FandolHei-Bold.otf]/OT:"
. - 'bold small caps'  (bx/sc) with NFSS spec.: 
.................................................
LaTeX Font Info:    Try loading font information for U+msa on input line 76.
(/usr/share/texlive/texmf-dist/tex/latex/amsfonts/umsa.fd
File: umsa.fd 2013/01/14 v3.01 AMS symbols A
)
LaTeX Font Info:    Try loading font information for U+msb on input line 76.

(/usr/share/texlive/texmf-dist/tex/latex/amsfonts/umsb.fd
File: umsb.fd 2013/01/14 v3.01 AMS symbols B
) [1

] [2


]
(./hipost.toc [1

])
\tf@toc=\write6
\openout6 = `hipost.toc'.

 [2]
Chapter 1.
[1


] [2

]
Chapter 2.
[3]
Missing character: There is no  in font [FandolSong-Regular.otf]/OT:!
 [4] [5] [6] [7]
Missing character: There is no  in font [FandolSong-Regular.otf]/OT:!
Missing character: There is no  in font [FandolSong-Regular.otf]/OT:!
 [8] [9] [10] [11] [12]
Chapter 3.
[13

] [14] [15] [16]
Chapter 4.
[17

] [18] [19] [20] [21] [22] [23] [24] [25] [26]
Chapter 5.
[27

] [28

]
Chapter 6.
[29]
Missing character: There is no  in font [FandolSong-Regular.otf]/OT:!
Missing character: There is no  in font [FandolSong-Regular.otf]/OT:!
 [30]
Missing character: There is no  in font [FandolSong-Regular.otf]/OT:!
 [31] [32] [33] [34]
Chapter 7.
Missing character: There is no  in font [FreeSerif.otf]/OT:script=latn;languag
e=DFLT;mapping=tex-text;!
Missing character: There is no  in font [FreeSerif.otf]/OT:script=latn;languag
e=DFLT;mapping=tex-text;!
Missing character: There is no  in font [FreeSerif.otf]/OT:script=latn;languag
e=DFLT;mapping=tex-text;!
Missing character: There is no  in font [FreeSerif.otf]/OT:script=latn;languag
e=DFLT;mapping=tex-text;!
Missing character: There is no  in font [FreeSerif.otf]/OT:script=latn;languag
e=DFLT;mapping=tex-text;!
Missing character: There is no  in font [FreeSerif.otf]/OT:script=latn;languag
e=DFLT;mapping=tex-text;!
Missing character: There is no  in font [FreeSerif.otf]/OT:script=latn;languag
e=DFLT;mapping=tex-text;!
Missing character: There is no  in font [FreeSerif.otf]/OT:script=latn;languag
e=DFLT;mapping=tex-text;!
Missing character: There is no  in font [FreeSerif.otf]/OT:script=latn;languag
e=DFLT;mapping=tex-text;!
Missing character: There is no  in font [FreeSerif.otf]/OT:script=latn;languag
e=DFLT;mapping=tex-text;!
Missing character: There is no  in font [FreeSerif.otf]/OT:script=latn;languag
e=DFLT;mapping=tex-text;!
Missing character: There is no  in font [FreeSerif.otf]/OT:script=latn;languag
e=DFLT;mapping=tex-text;!
Missing character: There is no  in font [FreeSerif.otf]/OT:script=latn;languag
e=DFLT;mapping=tex-text;!
Missing character: There is no  in font [FreeSerif.otf]/OT:script=latn;languag
e=DFLT;mapping=tex-text;!
Missing character: There is no  in font [FreeSerif.otf]/OT:script=latn;languag
e=DFLT;mapping=tex-text;!
Missing character: There is no  in font [FreeSerif.otf]/OT:script=latn;languag
e=DFLT;mapping=tex-text;!
[35

]
Missing character: There is no  in font [FreeSerif.otf]/OT:script=latn;languag
e=DFLT;mapping=tex-text;!
Missing character: There is no  in font [FreeSerif.otf]/OT:script=latn;languag
e=DFLT;mapping=tex-text;!
Missing character: There is no  in font [FreeSerif.otf]/OT:script=latn;languag
e=DFLT;mapping=tex-text;!
Missing character: There is no  in font [FreeSerif.otf]/OT:script=latn;languag
e=DFLT;mapping=tex-text;!
Missing character: There is no  in font [FreeSerif.otf]/OT:script=latn;languag
e=DFLT;mapping=tex-text;!
Missing character: There is no  in font [FreeSerif.otf]/OT:script=latn;languag
e=DFLT;mapping=tex-text;!
Missing character: There is no  in font [FreeSerif.otf]/OT:script=latn;languag
e=DFLT;mapping=tex-text;!
Missing character: There is no  in font [FreeSerif.otf]/OT:script=latn;languag
e=DFLT;mapping=tex-text;!
Missing character: There is no  in font [FreeSerif.otf]/OT:script=latn;languag
e=DFLT;mapping=tex-text;!
Missing character: There is no  in font [FreeSerif.otf]/OT:script=latn;languag
e=DFLT;mapping=tex-text;!
Missing character: There is no  in font [FreeSerif.otf]/OT:script=latn;languag
e=DFLT;mapping=tex-text;!
Missing character: There is no  in font [FreeSerif.otf]/OT:script=latn;languag
e=DFLT;mapping=tex-text;!
Missing character: There is no  in font [FreeSerif.otf]/OT:script=latn;languag
e=DFLT;mapping=tex-text;!
Missing character: There is no  in font [FreeSerif.otf]/OT:script=latn;languag
e=DFLT;mapping=tex-text;!
 [36] [37] [38

]
Chapter 8.
[39] [40]
Chapter 9.
Missing character: There is no  in font [FreeSerif.otf]/OT:script=latn;languag
e=DFLT;mapping=tex-text;!
Missing character: There is no  in font [FreeSerif.otf]/OT:script=latn;languag
e=DFLT;mapping=tex-text;!
Missing character: There is no  in font [FreeSerif.otf]/OT:script=latn;languag
e=DFLT;mapping=tex-text;!
Missing character: There is no  in font [FreeSerif.otf]/OT:script=latn;languag
e=DFLT;mapping=tex-text;!
Missing character: There is no  in font [FreeSerif.otf]/OT:script=latn;languag
e=DFLT;mapping=tex-text;!
Missing character: There is no  in font [FreeSerif.otf]/OT:script=latn;languag
e=DFLT;mapping=tex-text;!
Missing character: There is no  in font [FreeSerif.otf]/OT:script=latn;languag
e=DFLT;mapping=tex-text;!
Missing character: There is no  in font [FreeSerif.otf]/OT:script=latn;languag
e=DFLT;mapping=tex-text;!
Missing character: There is no  in font [FreeSerif.otf]/OT:script=latn;languag
e=DFLT;mapping=tex-text;!
Missing character: There is no  in font [FreeSerif.otf]/OT:script=latn;languag
e=DFLT;mapping=tex-text;!
Missing character: There is no  in font [FreeSerif.otf]/OT:script=latn;languag
e=DFLT;mapping=tex-text;!
Missing character: There is no  in font [FreeSerif.otf]/OT:script=latn;languag
e=DFLT;mapping=tex-text;!
[41

]
Missing character: There is no  in font [FreeSerif.otf]/OT:script=latn;languag
e=DFLT;mapping=tex-text;!
Missing character: There is no  in font [FreeSerif.otf]/OT:script=latn;languag
e=DFLT;mapping=tex-text;!
Missing character: There is no  in font [FreeSerif.otf]/OT:script=latn;languag
e=DFLT;mapping=tex-text;!
Missing character: There is no  in font [FreeSerif.otf]/OT:script=latn;languag
e=DFLT;mapping=tex-text;!
Missing character: There is no  in font [FreeSerif.otf]/OT:script=latn;languag
e=DFLT;mapping=tex-text;!
Missing character: There is no  in font [FreeSerif.otf]/OT:script=latn;languag
e=DFLT;mapping=tex-text;!
Missing character: There is no  in font [FreeSerif.otf]/OT:script=latn;languag
e=DFLT;mapping=tex-text;!
Missing character: There is no  in font [FreeSerif.otf]/OT:script=latn;languag
e=DFLT;mapping=tex-text;!
Missing character: There is no  in font [FreeSerif.otf]/OT:script=latn;languag
e=DFLT;mapping=tex-text;!
Missing character: There is no  in font [FreeSerif.otf]/OT:script=latn;languag
e=DFLT;mapping=tex-text;!
Missing character: There is no  in font [FreeSerif.otf]/OT:script=latn;languag
e=DFLT;mapping=tex-text;!
Missing character: There is no  in font [FreeSerif.otf]/OT:script=latn;languag
e=DFLT;mapping=tex-text;!
Missing character: There is no  in font [FreeSerif.otf]/OT:script=latn;languag
e=DFLT;mapping=tex-text;!
Missing character: There is no  in font [FreeSerif.otf]/OT:script=latn;languag
e=DFLT;mapping=tex-text;!
Missing character: There is no  in font [FreeSerif.otf]/OT:script=latn;languag
e=DFLT;mapping=tex-text;!
Missing character: There is no  in font [FreeSerif.otf]/OT:script=latn;languag
e=DFLT;mapping=tex-text;!
Missing character: There is no  in font [FreeSerif.otf]/OT:script=latn;languag
e=DFLT;mapping=tex-text;!
Missing character: There is no  in font [FreeSerif.otf]/OT:script=latn;languag
e=DFLT;mapping=tex-text;!
Missing character: There is no  in font [FreeSerif.otf]/OT:script=latn;languag
e=DFLT;mapping=tex-text;!
Missing character: There is no  in font [FreeSerif.otf]/OT:script=latn;languag
e=DFLT;mapping=tex-text;!
 [42]
Missing character: There is no  in font [FandolSong-Regular.otf]/OT:!
 [43] [44]
Chapter 10.
[45

] [46]
Chapter 11.
[47

] [48] [49] [50

]
Chapter 12.
[51] [52] [53] [54] [55] [56

]
Chapter 13.
Missing character: There is no  in font [FreeSerif.otf]/OT:script=latn;languag
e=DFLT;mapping=tex-text;!
Missing character: There is no  in font [FreeSerif.otf]/OT:script=latn;languag
e=DFLT;mapping=tex-text;!
Missing character: There is no  in font [FreeSerif.otf]/OT:script=latn;languag
e=DFLT;mapping=tex-text;!
Missing character: There is no  in font [FreeSerif.otf]/OT:script=latn;languag
e=DFLT;mapping=tex-text;!
Missing character: There is no  in font [FreeSerif.otf]/OT:script=latn;languag
e=DFLT;mapping=tex-text;!
Missing character: There is no  in font [FreeSerif.otf]/OT:script=latn;languag
e=DFLT;mapping=tex-text;!
Missing character: There is no  in font [FreeSerif.otf]/OT:script=latn;languag
e=DFLT;mapping=tex-text;!
Missing character: There is no  in font [FreeSerif.otf]/OT:script=latn;languag
e=DFLT;mapping=tex-text;!
Missing character: There is no  in font [FreeSerif.otf]/OT:script=latn;languag
e=DFLT;mapping=tex-text;!
[57]
Missing character: There is no  in font [FreeSerif.otf]/OT:script=latn;languag
e=DFLT;mapping=tex-text;!
Missing character: There is no  in font [FreeSerif.otf]/OT:script=latn;languag
e=DFLT;mapping=tex-text;!
Missing character: There is no  in font [FreeSerif.otf]/OT:script=latn;languag
e=DFLT;mapping=tex-text;!
Missing character: There is no  in font [FandolSong-Regular.otf]/OT:!
Missing character: There is no  in font [FreeSerif.otf]/OT:script=latn;languag
e=DFLT;mapping=tex-text;!
Missing character: There is no  in font [FreeSerif.otf]/OT:script=latn;languag
e=DFLT;mapping=tex-text;!
Missing character: There is no  in font [FreeSerif.otf]/OT:script=latn;languag
e=DFLT;mapping=tex-text;!
Missing character: There is no  in font [FreeSerif.otf]/OT:script=latn;languag
e=DFLT;mapping=tex-text;!
Missing character: There is no  in font [FreeSerif.otf]/OT:script=latn;languag
e=DFLT;mapping=tex-text;!
Missing character: There is no  in font [FreeSerif.otf]/OT:script=latn;languag
e=DFLT;mapping=tex-text;!
Missing character: There is no  in font [FandolSong-Regular.otf]/OT:!
Missing character: There is no  in font [FandolSong-Regular.otf]/OT:!
 [58]
Chapter 14.
Missing character: There is no  in font [FreeSerif.otf]/OT:script=latn;languag
e=DFLT;mapping=tex-text;!
Missing character: There is no  in font [FreeSerif.otf]/OT:script=latn;languag
e=DFLT;mapping=tex-text;!
Missing character: There is no  in font [FreeSerif.otf]/OT:script=latn;languag
e=DFLT;mapping=tex-text;!
Missing character: There is no  in font [FreeSerif.otf]/OT:script=latn;languag
e=DFLT;mapping=tex-text;!
[59

]
Missing character: There is no  in font [FreeSerif.otf]/OT:script=latn;languag
e=DFLT;mapping=tex-text;!
Missing character: There is no  in font [FreeSerif.otf]/OT:script=latn;languag
e=DFLT;mapping=tex-text;!
Missing character: There is no  in font [FreeSerif.otf]/OT:script=latn;languag
e=DFLT;mapping=tex-text;!
Missing character: There is no  in font [FreeSerif.otf]/OT:script=latn;languag
e=DFLT;mapping=tex-text;!
Missing character: There is no  in font [FreeSerif.otf]/OT:script=latn;languag
e=DFLT;mapping=tex-text;!
Missing character: There is no  in font [FreeSerif.otf]/OT:script=latn;languag
e=DFLT;mapping=tex-text;!
Missing character: There is no  in font [FreeSerif.otf]/OT:script=latn;languag
e=DFLT;mapping=tex-text;!
Missing character: There is no  in font [FreeSerif.otf]/OT:script=latn;languag
e=DFLT;mapping=tex-text;!
Missing character: There is no  in font [FreeSerif.otf]/OT:script=latn;languag
e=DFLT;mapping=tex-text;!
Missing character: There is no  in font [FreeSerif.otf]/OT:script=latn;languag
e=DFLT;mapping=tex-text;!
Missing character: There is no  in font [FreeSerif.otf]/OT:script=latn;languag
e=DFLT;mapping=tex-text;!
Missing character: There is no  in font [FreeSerif.otf]/OT:script=latn;languag
e=DFLT;mapping=tex-text;!
Missing character: There is no  in font [FreeSerif.otf]/OT:script=latn;languag
e=DFLT;mapping=tex-text;!
Missing character: There is no  in font [FandolSong-Regular.otf]/OT:!
Missing character: There is no  in font [FandolSong-Regular.otf]/OT:!
Missing character: There is no  in font [FreeSerif.otf]/OT:script=latn;languag
e=DFLT;mapping=tex-text;!
Missing character: There is no  in font [FreeSerif.otf]/OT:script=latn;languag
e=DFLT;mapping=tex-text;!
Missing character: There is no  in font [FreeSerif.otf]/OT:script=latn;languag
e=DFLT;mapping=tex-text;!
Missing character: There is no  in font [FreeSerif.otf]/OT:script=latn;languag
e=DFLT;mapping=tex-text;!
Missing character: There is no  in font [FreeSerif.otf]/OT:script=latn;languag
e=DFLT;mapping=tex-text;!
Missing character: There is no  in font [FreeSerif.otf]/OT:script=latn;languag
e=DFLT;mapping=tex-text;!
Missing character: There is no  in font [FreeSerif.otf]/OT:script=latn;languag
e=DFLT;mapping=tex-text;!
Missing character: There is no  in font [FreeSerif.otf]/OT:script=latn;languag
e=DFLT;mapping=tex-text;!
Missing character: There is no  in font [FreeSerif.otf]/OT:script=latn;languag
e=DFLT;mapping=tex-text;!
Missing character: There is no  in font [FreeSerif.otf]/OT:script=latn;languag
e=DFLT;mapping=tex-text;!
Missing character: There is no  in font [FreeSerif.otf]/OT:script=latn;languag
e=DFLT;mapping=tex-text;!
Missing character: There is no  in font [FreeSerif.otf]/OT:script=latn;languag
e=DFLT;mapping=tex-text;!
Missing character: There is no  in font [FreeSerif.otf]/OT:script=latn;languag
e=DFLT;mapping=tex-text;!
Missing character: There is no  in font [FreeSerif.otf]/OT:script=latn;languag
e=DFLT;mapping=tex-text;!
Missing character: There is no  in font [FreeSerif.otf]/OT:script=latn;languag
e=DFLT;mapping=tex-text;!
 [60]
Missing character: There is no  in font [FandolSong-Regular.otf]/OT:!
Missing character: There is no  in font [FandolSong-Regular.otf]/OT:!
 [61] [62]
Missing character: There is no  in font [FandolSong-Regular.otf]/OT:!
 [63] [64

]
Chapter 15.
[65] [66] [67] [68]
Missing character: There is no  in font [FandolSong-Regular.otf]/OT:!
 [69]
Missing character: There is no  in font [FandolSong-Regular.otf]/OT:!
Missing character: There is no  in font [FandolSong-Regular.otf]/OT:!
Missing character: There is no  in font [FandolSong-Regular.otf]/OT:!
Missing character: There is no  in font [FandolSong-Regular.otf]/OT:!
 [70] [71] [72

]
Chapter 16.
Missing character: There is no  in font [FandolSong-Regular.otf]/OT:!
[73]
Missing character: There is no  in font [FandolSong-Regular.otf]/OT:!
Missing character: There is no  in font [FandolSong-Regular.otf]/OT:!
Missing character: There is no  in font [FandolSong-Regular.otf]/OT:!
Missing character: There is no  in font [FandolSong-Regular.otf]/OT:!
Missing character: There is no  in font [FandolSong-Regular.otf]/OT:!
 [74]
Missing character: There is no  in font [FandolSong-Regular.otf]/OT:!
Missing character: There is no  in font [FandolSong-Regular.otf]/OT:!
Missing character: There is no  in font [FandolSong-Regular.otf]/OT:!
Missing character: There is no  in font [FandolSong-Regular.otf]/OT:!
Missing character: There is no  in font [FandolSong-Regular.otf]/OT:!
 [75]
Missing character: There is no  in font [FandolSong-Regular.otf]/OT:!
Missing character: There is no  in font [FandolSong-Regular.otf]/OT:!
Missing character: There is no  in font [FandolSong-Regular.otf]/OT:!
Missing character: There is no  in font [FandolSong-Regular.otf]/OT:!
 [76]
Missing character: There is no  in font [FandolSong-Regular.otf]/OT:!
Missing character: There is no  in font [FandolSong-Regular.otf]/OT:!
Missing character: There is no  in font [FandolSong-Regular.otf]/OT:!
Missing character: There is no  in font [FandolSong-Regular.otf]/OT:!
 [77]
Missing character: There is no  in font [FandolSong-Regular.otf]/OT:!
Missing character: There is no  in font [FandolSong-Regular.otf]/OT:!
Missing character: There is no  in font [FandolSong-Regular.otf]/OT:!
Missing character: There is no  in font [FandolSong-Regular.otf]/OT:!
 [78]
Chapter 17.
Missing character: There is no  in font [FreeSerif.otf]/OT:script=latn;languag
e=DFLT;mapping=tex-text;!
Missing character: There is no  in font [FreeSerif.otf]/OT:script=latn;languag
e=DFLT;mapping=tex-text;!
Missing character: There is no  in font [FreeSerif.otf]/OT:script=latn;languag
e=DFLT;mapping=tex-text;!
Missing character: There is no  in font [FreeSerif.otf]/OT:script=latn;languag
e=DFLT;mapping=tex-text;!
Missing character: There is no  in font [FreeSerif.otf]/OT:script=latn;languag
e=DFLT;mapping=tex-text;!
Missing character: There is no  in font [FreeSerif.otf]/OT:script=latn;languag
e=DFLT;mapping=tex-text;!
Missing character: There is no  in font [FreeSerif.otf]/OT:script=latn;languag
e=DFLT;mapping=tex-text;!
Missing character: There is no  in font [FreeSerif.otf]/OT:script=latn;languag
e=DFLT;mapping=tex-text;!
Missing character: There is no  in font [FreeSerif.otf]/OT:script=latn;languag
e=DFLT;mapping=tex-text;!
Missing character: There is no  in font [FreeSerif.otf]/OT:script=latn;languag
e=DFLT;mapping=tex-text;!
Missing character: There is no  in font [FreeSerif.otf]/OT:script=latn;languag
e=DFLT;mapping=tex-text;!
Missing character: There is no  in font [FreeSerif.otf]/OT:script=latn;languag
e=DFLT;mapping=tex-text;!
Missing character: There is no  in font [FreeSerif.otf]/OT:script=latn;languag
e=DFLT;mapping=tex-text;!
Missing character: There is no  in font [FreeSerif.otf]/OT:script=latn;languag
e=DFLT;mapping=tex-text;!
Missing character: There is no  in font [FreeSerif.otf]/OT:script=latn;languag
e=DFLT;mapping=tex-text;!
Missing character: There is no  in font [FreeSerif.otf]/OT:script=latn;languag
e=DFLT;mapping=tex-text;!
Missing character: There is no  in font [FreeSerif.otf]/OT:script=latn;languag
e=DFLT;mapping=tex-text;!
Missing character: There is no  in font [FreeSerif.otf]/OT:script=latn;languag
e=DFLT;mapping=tex-text;!
[79

]
Missing character: There is no  in font [FreeSerif.otf]/OT:script=latn;languag
e=DFLT;mapping=tex-text;!
Missing character: There is no  in font [FreeSerif.otf]/OT:script=latn;languag
e=DFLT;mapping=tex-text;!
Missing character: There is no  in font [FreeSerif.otf]/OT:script=latn;languag
e=DFLT;mapping=tex-text;!
Missing character: There is no  in font [FreeSerif.otf]/OT:script=latn;languag
e=DFLT;mapping=tex-text;!
Missing character: There is no  in font [FreeSerif.otf]/OT:script=latn;languag
e=DFLT;mapping=tex-text;!
Missing character: There is no  in font [FreeSerif.otf]/OT:script=latn;languag
e=DFLT;mapping=tex-text;!
Missing character: There is no  in font [FreeSerif.otf]/OT:script=latn;languag
e=DFLT;mapping=tex-text;!
Missing character: There is no  in font [FreeSerif.otf]/OT:script=latn;languag
e=DFLT;mapping=tex-text;!
Missing character: There is no  in font [FreeSerif.otf]/OT:script=latn;languag
e=DFLT;mapping=tex-text;!
Missing character: There is no  in font [FreeSerif.otf]/OT:script=latn;languag
e=DFLT;mapping=tex-text;!
Missing character: There is no  in font [FreeSerif.otf]/OT:script=latn;languag
e=DFLT;mapping=tex-text;!
Missing character: There is no  in font [FreeSerif.otf]/OT:script=latn;languag
e=DFLT;mapping=tex-text;!
Missing character: There is no  in font [FreeSerif.otf]/OT:script=latn;languag
e=DFLT;mapping=tex-text;!
Missing character: There is no  in font [FreeSerif.otf]/OT:script=latn;languag
e=DFLT;mapping=tex-text;!
Missing character: There is no  in font [FreeSerif.otf]/OT:script=latn;languag
e=DFLT;mapping=tex-text;!
Missing character: There is no  in font [FreeSerif.otf]/OT:script=latn;languag
e=DFLT;mapping=tex-text;!
 [80] [81] [82

]
Chapter 18.
[83] [84] [85] [86

]
Chapter 19.
[87] [88] [89] [90

]
Chapter 20.
[91] [92] [93] [94] [95] [96

]
Chapter 21.
[97] [98] [99] [100] [101]
Missing character: There is no  in font [FandolSong-Regular.otf]/OT:!
 [102]
Missing character: There is no  in font [FandolSong-Regular.otf]/OT:!
Missing character: There is no  in font [FandolSong-Regular.otf]/OT:!
 [103] [104

]
Chapter 22.
[105] [106]
Chapter 23.
Missing character: There is no  in font [FandolSong-Regular.otf]/OT:!
Missing character: There is no  in font [FandolSong-Regular.otf]/OT:!
Missing character: There is no  in font [FandolSong-Regular.otf]/OT:!
Missing character: There is no  in font [FandolSong-Regular.otf]/OT:!
Missing character: There is no  in font [FandolSong-Regular.otf]/OT:!
[107

]
Missing character: There is no  in font [FandolSong-Regular.otf]/OT:!
Missing character: There is no  in font [FandolSong-Regular.otf]/OT:!
Missing character: There is no  in font [FandolSong-Regular.otf]/OT:!
Missing character: There is no  in font [FandolSong-Regular.otf]/OT:!
Missing character: There is no  in font [FandolSong-Regular.otf]/OT:!
Missing character: There is no  in font [FandolSong-Regular.otf]/OT:!
Missing character: There is no  in font [FandolSong-Regular.otf]/OT:!
Missing character: There is no  in font [FandolSong-Regular.otf]/OT:!
Missing character: There is no  in font [FandolSong-Regular.otf]/OT:!
Missing character: There is no  in font [FandolSong-Regular.otf]/OT:!
Missing character: There is no  in font [FandolSong-Regular.otf]/OT:!
Missing character: There is no  in font [FandolSong-Regular.otf]/OT:!
Missing character: There is no  in font [FandolSong-Regular.otf]/OT:!
 [108]
Missing character: There is no  in font [FandolSong-Regular.otf]/OT:!
Missing character: There is no  in font [FandolSong-Regular.otf]/OT:!
Missing character: There is no  in font [FandolSong-Regular.otf]/OT:!
Missing character: There is no  in font [FandolSong-Regular.otf]/OT:!
 [109]
Missing character: There is no  in font [FandolSong-Regular.otf]/OT:!
Missing character: There is no  in font [FandolSong-Regular.otf]/OT:!
Missing character: There is no  in font [FandolSong-Regular.otf]/OT:!
Missing character: There is no  in font [FandolSong-Regular.otf]/OT:!
Missing character: There is no  in font [FandolSong-Regular.otf]/OT:!
Missing character: There is no  in font [FandolSong-Regular.otf]/OT:!
Missing character: There is no  in font [FandolSong-Regular.otf]/OT:!
Missing character: There is no  in font [FandolSong-Regular.otf]/OT:!
Missing character: There is no  in font [FandolSong-Regular.otf]/OT:!
 [110]
Missing character: There is no  in font [FandolSong-Regular.otf]/OT:!
Missing character: There is no  in font [FandolSong-Regular.otf]/OT:!
 [111] [112

]
Chapter 24.
[113]
Missing character: There is no  in font [FreeSerif.otf]/OT:script=latn;languag
e=DFLT;mapping=tex-text;!
Missing character: There is no  in font [FreeSerif.otf]/OT:script=latn;languag
e=DFLT;mapping=tex-text;!
Missing character: There is no  in font [FreeSerif.otf]/OT:script=latn;languag
e=DFLT;mapping=tex-text;!
Missing character: There is no  in font [FreeSerif.otf]/OT:script=latn;languag
e=DFLT;mapping=tex-text;!
Missing character: There is no  in font [FreeSerif.otf]/OT:script=latn;languag
e=DFLT;mapping=tex-text;!
Missing character: There is no  in font [FreeSerif.otf]/OT:script=latn;languag
e=DFLT;mapping=tex-text;!
Missing character: There is no  in font [FreeSerif.otf]/OT:script=latn;languag
e=DFLT;mapping=tex-text;!
Missing character: There is no  in font [FreeSerif.otf]/OT:script=latn;languag
e=DFLT;mapping=tex-text;!
Missing character: There is no  in font [FreeSerif.otf]/OT:script=latn;languag
e=DFLT;mapping=tex-text;!
Missing character: There is no  in font [FreeSerif.otf]/OT:script=latn;languag
e=DFLT;mapping=tex-text;!
Missing character: There is no  in font [FreeSerif.otf]/OT:script=latn;languag
e=DFLT;mapping=tex-text;!
 [114]
Missing character: There is no  in font [FreeSerif.otf]/OT:script=latn;languag
e=DFLT;mapping=tex-text;!
Missing character: There is no  in font [FreeSerif.otf]/OT:script=latn;languag
e=DFLT;mapping=tex-text;!
Missing character: There is no  in font [FreeSerif.otf]/OT:script=latn;languag
e=DFLT;mapping=tex-text;!
Missing character: There is no  in font [FreeSerif.otf]/OT:script=latn;languag
e=DFLT;mapping=tex-text;!
Missing character: There is no  in font [FreeSerif.otf]/OT:script=latn;languag
e=DFLT;mapping=tex-text;!
 [115] [116

]
Chapter 25.
[117] [118] [119] [120] [121] [122]
Chapter 26.
[123

] [124

]
Chapter 27.
[125] [126

]
Chapter 28.
[127] [128

]
Chapter 29.
Missing character: There is no  in font [FandolSong-Regular.otf]/OT:!
Missing character: There is no  in font [FandolSong-Regular.otf]/OT:!
[129] [130

]
Chapter 30.
[131] [132

]
Chapter 31.
[133] [134

]
Chapter 32.
[135] [136

]
Chapter 33.
[137] [138

]
Chapter 34.
[139] [140

]
Chapter 35.
[141] [142

]
Chapter 36.
[143] [144

]
Chapter 37.
[145] [146

]
Chapter 38.
(./hipost.ind)
Package atveryend Info: Empty hook `BeforeClearDocument' on input line 4300.
 [147]
Package atveryend Info: Empty hook `AfterLastShipout' on input line 4300.
 (./hipost.aux)
Package atveryend Info: Empty hook `AtVeryEndDocument' on input line 4300.
Package atveryend Info: Empty hook `AtEndAfterFileList' on input line 4300.
 ) 
Here is how much of TeX's memory you used:
 29173 strings out of 493638
 573715 string characters out of 6146796
 602391 words of memory out of 5000000
 32227 multiletter control sequences out of 15000+600000
 7867 words of font info for 75 fonts, out of 8000000 for 9000
 1329 hyphenation exceptions out of 8191
 54i,12n,74p,10449b,512s stack positions out of 5000i,500n,10000p,200000b,80000s

Output written on hipost.pdf (151 pages).
