\BOOKMARK [0][-]{chapter.1}{\376\377\0001\000\240\000\240\000\240\000H\000i\000,\000p\0000\0000\121\166\133\203}{}% 1
\BOOKMARK [0][-]{chapter.2}{\376\377\0001\000\240\000\240\000\240\000H\000i\000,\000p\0000\0001\145\143\145\207}{}% 2
\BOOKMARK [0][-]{chapter.3}{\376\377\0001\000\240\000\240\000\240\134\373\227\122\000-\155\167\156\350\116\362\131\017\131\034}{}% 3
\BOOKMARK [0][-]{chapter.4}{\376\377\0001\000\240\000\240\000\240\147\061\201\352\156\005\000-\146\045}{}% 4
\BOOKMARK [0][-]{chapter.5}{\376\377\0001\000\240\000\240\000\240\147\061\201\352\156\005\000-\150\205\226\350\157\155\166\204\176\377}{}% 5
\BOOKMARK [0][-]{chapter.6}{\376\377\0001\000\240\000\240\000\240\147\061\201\352\156\005\000-\200\314\137\161}{}% 6
\BOOKMARK [0][-]{chapter.7}{\376\377\0001\000\240\000\240\000\240\147\061\201\352\156\005\000-\203\167\130\130\147\010\202\162}{}% 7
\BOOKMARK [0][-]{chapter.8}{\376\377\0001\000\240\000\240\000\240\153\333\154\375\116\034\000-\116\003\137\213\000\267\225\177\137\201}{}% 8
\BOOKMARK [0][-]{chapter.9}{\376\377\0001\000\240\000\240\000\240\153\333\154\375\116\034\000-\154\201\126\355\146\045\000\267\226\352}{}% 9
\BOOKMARK [0][-]{chapter.10}{\376\377\0001\000\240\000\240\000\240\200\001\202\015\000-\155\116\123\127\166\204\121\254\131\051}{}% 10
\BOOKMARK [0][-]{chapter.11}{\376\377\0001\000\240\000\240\000\240\202\176\227\122\000-\131\047\130\060\154\263\040\024\040\024\142\021\166\204\117\335\131\306}{}% 11
\BOOKMARK [0][-]{chapter.12}{\376\377\0001\000\240\000\240\000\240\203\005\166\376\000-\166\175\147\150\171\074\215\136}{}% 12
\BOOKMARK [0][-]{chapter.13}{\376\377\0001\000\240\000\240\000\240\220\301\217\276\131\053\000-\123\344\220\375\166\204\171\313}{}% 13
\BOOKMARK [0][-]{chapter.14}{\376\377\0001\000\240\000\240\000\240\000H\000i\000,\000p\0000\0002\213\373\116\146}{}% 14
\BOOKMARK [0][-]{chapter.15}{\376\377\0001\000\240\000\240\000\240\154\064\155\122\000-\133\213\154\137\116\113\176\360\123\367}{}% 15
\BOOKMARK [0][-]{chapter.16}{\376\377\0001\000\240\000\240\000\240\000H\000i\000,\000p\0000\0003\145\305\156\070}{}% 16
\BOOKMARK [0][-]{chapter.17}{\376\377\0001\000\240\000\240\000\240\116\224\154\304\160\021\136\003}{}% 17
\BOOKMARK [0][-]{chapter.18}{\376\377\0001\000\240\000\240\000\240\000H\000i\000,\000p\0000\0004\215\042\176\317}{}% 18
\BOOKMARK [0][-]{chapter.19}{\376\377\0001\000\240\000\240\000\240\000H\000i\000,\000p\0000\0005\142\200\147\057}{}% 19
\BOOKMARK [0][-]{chapter.20}{\376\377\0001\000\240\000\240\000\240\000H\000i\000,\000p\0000\0006\123\206\123\362}{}% 20
\BOOKMARK [0][-]{chapter.21}{\376\377\0001\000\240\000\240\000\240\164\346\134\227\133\350\116\113\147\116\133\306}{}% 21
\BOOKMARK [0][-]{chapter.22}{\376\377\0001\000\240\000\240\000\240\000H\000i\000,\000p\0000\0007\122\033\142\225}{}% 22
\BOOKMARK [0][-]{chapter.23}{\376\377\0001\000\240\000\240\000\240\230\316\142\225\166\204\122\115\165\037}{}% 23
\BOOKMARK [0][-]{chapter.24}{\376\377\0001\000\240\000\240\000\240\000H\000i\000,\000p\0000\0008\121\231\117\134}{}% 24
\BOOKMARK [0][-]{chapter.25}{\376\377\0001\000\240\000\240\000\240\000H\000i\000,\000p\0000\0009\000w\000o\000r\000k}{}% 25
\BOOKMARK [0][-]{chapter.26}{\376\377\000I\000n\000d\000i\000c\000e\000s\000\040\000a\000n\000d\000\040\000t\000a\000b\000l\000e\000s}{}% 26
